#
# There is insufficient memory for the Java Runtime Environment to continue.
# Native memory allocation (malloc) failed to allocate 323216 bytes. Error detail: Chunk::new
# Possible reasons:
#   The system is out of physical RAM or swap space
#   This process is running with CompressedOops enabled, and the Java Heap may be blocking the growth of the native heap
# Possible solutions:
#   Reduce memory load on the system
#   Increase physical memory or swap space
#   Check if swap backing store is full
#   Decrease Java heap size (-Xmx/-Xms)
#   Decrease number of Java threads
#   Decrease Java thread stack sizes (-Xss)
#   Set larger code cache with -XX:ReservedCodeCacheSize=
#   JVM is running with Unscaled Compressed Oops mode in which the Java heap is
#     placed in the first 4GB address space. The Java Heap base address is the
#     maximum limit for the native heap growth. Please use -XX:HeapBaseMinAddress
#     to set the Java Heap base and to place the Java Heap above 4GB virtual address.
# This output file may be truncated or incomplete.
#
#  Out of Memory Error (arena.cpp:168), pid=19112, tid=15132
#
# JRE version: OpenJDK Runtime Environment Temurin-21.0.8+9 (21.0.8+9) (build 21.0.8+9-LTS)
# Java VM: OpenJDK 64-Bit Server VM Temurin-21.0.8+9 (21.0.8+9-LTS, mixed mode, sharing, tiered, compressed oops, compressed class ptrs, parallel gc, windows-amd64)
# No core dump will be written. Minidumps are not enabled by default on client versions of Windows
#

---------------  S U M M A R Y ------------

Command Line: --add-modules=ALL-SYSTEM --add-opens=java.base/java.util=ALL-UNNAMED --add-opens=java.base/java.lang=ALL-UNNAMED --add-opens=java.base/sun.nio.fs=ALL-UNNAMED -Declipse.application=org.eclipse.jdt.ls.core.id1 -Dosgi.bundles.defaultStartLevel=4 -Declipse.product=org.eclipse.jdt.ls.core.product -Djava.import.generatesMetadataFilesAtProjectRoot=false -DDetectVMInstallationsJob.disabled=true -Dfile.encoding=utf8 -XX:+UseParallelGC -XX:GCTimeRatio=4 -XX:AdaptiveSizePolicyWeight=90 -Dsun.zip.disableMemoryMapping=true -Xmx2G -Xms100m -Xlog:disable -javaagent:c:\Users\selva\.vscode\extensions\redhat.java-1.46.0-win32-x64\lombok\lombok-1.18.39-4050.jar c:\Users\selva\.vscode\extensions\redhat.java-1.46.0-win32-x64\server\plugins\org.eclipse.equinox.launcher_1.7.0.v20250519-0528.jar -configuration c:\Users\selva\AppData\Roaming\Code\User\globalStorage\redhat.java\1.46.0\config_ss_win -data c:\Users\selva\AppData\Roaming\Code\User\workspaceStorage\a92747001f98d2e4e710d253196d3f3e\redhat.java\ss_ws --pipe=\\.\pipe\lsp-2fd35abf224c4ddc7215999b7ca8c833-sock

Host: 11th Gen Intel(R) Core(TM) i5-1135G7 @ 2.40GHz, 8 cores, 11G,  Windows 11 , 64 bit Build 26100 (10.0.26100.6725)
Time: Fri Oct 24 11:28:10 2025 India Standard Time elapsed time: 5.714419 seconds (0d 0h 0m 5s)

---------------  T H R E A D  ---------------

Current thread (0x0000014b77518050):  JavaThread "C2 CompilerThread1" daemon [_thread_in_native, id=15132, stack(0x000000310a600000,0x000000310a700000) (1024K)]


Current CompileTask:
C2:5714 1016   !   4       java.util.jar.Attributes::read (494 bytes)

Stack: [0x000000310a600000,0x000000310a700000]
Native frames: (J=compiled Java code, j=interpreted, Vv=VM code, C=native code)
V  [jvm.dll+0x6d2449]
V  [jvm.dll+0x8ae341]
V  [jvm.dll+0x8b08be]
V  [jvm.dll+0x8b0fa3]
V  [jvm.dll+0x280c96]
V  [jvm.dll+0xc581d]
V  [jvm.dll+0xc5d53]
V  [jvm.dll+0x2f539d]
V  [jvm.dll+0x5fa00a]
V  [jvm.dll+0x252092]
V  [jvm.dll+0x25244f]
V  [jvm.dll+0x24ad14]
V  [jvm.dll+0x2483a4]
V  [jvm.dll+0x1c89ee]
V  [jvm.dll+0x257d4d]
V  [jvm.dll+0x2562ea]
V  [jvm.dll+0x3f2d16]
V  [jvm.dll+0x857e6b]
V  [jvm.dll+0x6d0b0d]
C  [ucrtbase.dll+0x37b0]
C  [KERNEL32.DLL+0x2e8d7]
C  [ntdll.dll+0x8c53c]


---------------  P R O C E S S  ---------------

Threads class SMR info:
_java_thread_list=0x0000014b77669f70, length=13, elements={
0x0000014b5ccfc0c0, 0x0000014b75a683c0, 0x0000014b5f0bc640, 0x0000014b75a6b2d0,
0x0000014b75a6dd30, 0x0000014b75a71aa0, 0x0000014b75a749c0, 0x0000014b75a85a30,
0x0000014b75a8a4b0, 0x0000014b7742b970, 0x0000014b77518050, 0x0000014b7742c000,
0x0000014b77728630
}

Java Threads: ( => current thread )
  0x0000014b5ccfc0c0 JavaThread "main"                              [_thread_in_Java, id=5716, stack(0x0000003109900000,0x0000003109a00000) (1024K)]
  0x0000014b75a683c0 JavaThread "Reference Handler"          daemon [_thread_blocked, id=18184, stack(0x0000003109d00000,0x0000003109e00000) (1024K)]
  0x0000014b5f0bc640 JavaThread "Finalizer"                  daemon [_thread_blocked, id=5428, stack(0x0000003109e00000,0x0000003109f00000) (1024K)]
  0x0000014b75a6b2d0 JavaThread "Signal Dispatcher"          daemon [_thread_blocked, id=5804, stack(0x0000003109f00000,0x000000310a000000) (1024K)]
  0x0000014b75a6dd30 JavaThread "Attach Listener"            daemon [_thread_blocked, id=10864, stack(0x000000310a000000,0x000000310a100000) (1024K)]
  0x0000014b75a71aa0 JavaThread "Service Thread"             daemon [_thread_blocked, id=14756, stack(0x000000310a100000,0x000000310a200000) (1024K)]
  0x0000014b75a749c0 JavaThread "Monitor Deflation Thread"   daemon [_thread_blocked, id=14488, stack(0x000000310a200000,0x000000310a300000) (1024K)]
  0x0000014b75a85a30 JavaThread "C2 CompilerThread0"         daemon [_thread_blocked, id=15820, stack(0x000000310a300000,0x000000310a400000) (1024K)]
  0x0000014b75a8a4b0 JavaThread "C1 CompilerThread0"         daemon [_thread_blocked, id=13688, stack(0x000000310a400000,0x000000310a500000) (1024K)]
  0x0000014b7742b970 JavaThread "Common-Cleaner"             daemon [_thread_blocked, id=1104, stack(0x000000310a500000,0x000000310a600000) (1024K)]
=>0x0000014b77518050 JavaThread "C2 CompilerThread1"         daemon [_thread_in_native, id=15132, stack(0x000000310a600000,0x000000310a700000) (1024K)]
  0x0000014b7742c000 JavaThread "Notification Thread"        daemon [_thread_blocked, id=7436, stack(0x000000310a700000,0x000000310a800000) (1024K)]
  0x0000014b77728630 JavaThread "C2 CompilerThread2"         daemon [_thread_blocked, id=14980, stack(0x000000310a800000,0x000000310a900000) (1024K)]
Total: 13

Other Threads:
  0x0000014b5ccd2790 VMThread "VM Thread"                           [id=15720, stack(0x0000003109c00000,0x0000003109d00000) (1024K)]
  0x0000014b5f069230 WatcherThread "VM Periodic Task Thread"        [id=18884, stack(0x0000003109b00000,0x0000003109c00000) (1024K)]
  0x0000014b5ccd1cb0 WorkerThread "GC Thread#0"                     [id=16404, stack(0x0000003109a00000,0x0000003109b00000) (1024K)]
  0x0000014b5ccd1910 WorkerThread "GC Thread#1"                     [id=16068, stack(0x000000310aa00000,0x000000310ab00000) (1024K)]
  0x0000014b77b7aa40 WorkerThread "GC Thread#2"                     [id=15200, stack(0x000000310ab00000,0x000000310ac00000) (1024K)]
  0x0000014b77b7a300 WorkerThread "GC Thread#3"                     [id=11212, stack(0x000000310ac00000,0x000000310ad00000) (1024K)]
  0x0000014b77b78d40 WorkerThread "GC Thread#4"                     [id=18284, stack(0x000000310ad00000,0x000000310ae00000) (1024K)]
  0x0000014b77b78260 WorkerThread "GC Thread#5"                     [id=16156, stack(0x000000310ae00000,0x000000310af00000) (1024K)]
  0x0000014b77b78600 WorkerThread "GC Thread#6"                     [id=16192, stack(0x000000310af00000,0x000000310b000000) (1024K)]
Total: 9

Threads with active compile tasks:
C2 CompilerThread1  5734 1016   !   4       java.util.jar.Attributes::read (494 bytes)
Total: 1

VM state: not at safepoint (normal execution)

VM Mutex/Monitor currently owned by a thread: None

Heap address: 0x0000000080000000, size: 2048 MB, Compressed Oops mode: 32-bit

CDS archive(s) mapped at: [0x0000014b00000000-0x0000014b00ba0000-0x0000014b00ba0000), size 12189696, SharedBaseAddress: 0x0000014b00000000, ArchiveRelocationMode: 1.
Compressed class space mapped at: 0x0000014b01000000-0x0000014b41000000, reserved size: 1073741824
Narrow klass base: 0x0000014b00000000, Narrow klass shift: 0, Narrow klass range: 0x100000000

GC Precious Log:
 CardTable entry size: 512
 CPUs: 8 total, 8 available
 Memory: 12022M
 Large Page Support: Disabled
 NUMA Support: Disabled
 Compressed Oops: Enabled (32-bit)
 Alignments: Space 512K, Generation 512K, Heap 2M
 Heap Min Capacity: 100M
 Heap Initial Capacity: 100M
 Heap Max Capacity: 2G
 Pre-touch: Disabled
 Parallel Workers: 8

Heap:
 PSYoungGen      total 29696K, used 4322K [0x00000000d5580000, 0x00000000d7680000, 0x0000000100000000)
  eden space 25600K, 3% used [0x00000000d5580000,0x00000000d567ac70,0x00000000d6e80000)
  from space 4096K, 81% used [0x00000000d6e80000,0x00000000d71bde28,0x00000000d7280000)
  to   space 4096K, 0% used [0x00000000d7280000,0x00000000d7280000,0x00000000d7680000)
 ParOldGen       total 68608K, used 16K [0x0000000080000000, 0x0000000084300000, 0x00000000d5580000)
  object space 68608K, 0% used [0x0000000080000000,0x0000000080004000,0x0000000084300000)
 Metaspace       used 4333K, committed 4544K, reserved 1114112K
  class space    used 474K, committed 576K, reserved 1048576K

Card table byte_map: [0x0000014b5e9b0000,0x0000014b5edc0000] _byte_map_base: 0x0000014b5e5b0000

Marking Bits: (ParMarkBitMap*) 0x00007ffaed91a340
 Begin Bits: [0x0000014b714a0000, 0x0000014b734a0000)
 End Bits:   [0x0000014b734a0000, 0x0000014b754a0000)

Polling page: 0x0000014b5e680000

Metaspace:

Usage:
  Non-class:      3.77 MB used.
      Class:    474.16 KB used.
       Both:      4.23 MB used.

Virtual space:
  Non-class space:       64.00 MB reserved,       3.88 MB (  6%) committed,  1 nodes.
      Class space:        1.00 GB reserved,     576.00 KB ( <1%) committed,  1 nodes.
             Both:        1.06 GB reserved,       4.44 MB ( <1%) committed. 

Chunk freelists:
   Non-Class:  11.14 MB
       Class:  15.44 MB
        Both:  26.58 MB

MaxMetaspaceSize: unlimited
CompressedClassSpaceSize: 1.00 GB
Initial GC threshold: 21.00 MB
Current GC threshold: 21.00 MB
CDS: on
 - commit_granule_bytes: 65536.
 - commit_granule_words: 8192.
 - virtual_space_node_default_size: 8388608.
 - enlarge_chunks_in_place: 1.
 - use_allocation_guard: 0.


Internal statistics:

num_allocs_failed_limit: 0.
num_arena_births: 184.
num_arena_deaths: 0.
num_vsnodes_births: 2.
num_vsnodes_deaths: 0.
num_space_committed: 71.
num_space_uncommitted: 0.
num_chunks_returned_to_freelist: 0.
num_chunks_taken_from_freelist: 249.
num_chunk_merges: 0.
num_chunk_splits: 159.
num_chunks_enlarged: 94.
num_inconsistent_stats: 0.

CodeHeap 'non-profiled nmethods': size=120000Kb used=417Kb max_used=417Kb free=119582Kb
 bounds [0x0000014b69cc0000, 0x0000014b69f30000, 0x0000014b711f0000]
CodeHeap 'profiled nmethods': size=120000Kb used=1647Kb max_used=1647Kb free=118352Kb
 bounds [0x0000014b621f0000, 0x0000014b62460000, 0x0000014b69720000]
CodeHeap 'non-nmethods': size=5760Kb used=1204Kb max_used=1219Kb free=4555Kb
 bounds [0x0000014b69720000, 0x0000014b69990000, 0x0000014b69cc0000]
CodeCache: size=245760Kb, used=3268Kb, max_used=3283Kb, free=242489Kb
 total_blobs=1525, nmethods=1070, adapters=362, full_count=0
Compilation: enabled, stopped_count=0, restarted_count=0

Compilation events (20 events):
Event: 3.666 Thread 0x0000014b75a8a4b0 nmethod 1050 0x0000014b62384990 code [0x0000014b62384b80, 0x0000014b62385128]
Event: 3.667 Thread 0x0000014b75a8a4b0 1051       3       sun.security.util.ObjectIdentifier::hashCode (8 bytes)
Event: 3.667 Thread 0x0000014b75a8a4b0 nmethod 1051 0x0000014b62385510 code [0x0000014b623856c0, 0x0000014b623857f8]
Event: 3.667 Thread 0x0000014b75a8a4b0 1052       3       sun.security.provider.DigestBase::implCompressMultiBlock0 (23 bytes)
Event: 3.667 Thread 0x0000014b75a8a4b0 nmethod 1052 0x0000014b62385890 code [0x0000014b62385a40, 0x0000014b62385ce8]
Event: 3.668 Thread 0x0000014b75a8a4b0 1053       3       java.math.BigInteger::montReduce (99 bytes)
Event: 3.668 Thread 0x0000014b75a8a4b0 nmethod 1053 0x0000014b62385e10 code [0x0000014b62386020, 0x0000014b623864d0]
Event: 3.668 Thread 0x0000014b77728630 nmethod 1045% 0x0000014b69d24e90 code [0x0000014b69d25020, 0x0000014b69d25330]
Event: 3.668 Thread 0x0000014b77728630 1054 %     4       java.math.BigInteger::implMultiplyToLen @ 135 (216 bytes)
Event: 3.671 Thread 0x0000014b75a8a4b0 1055       3       java.util.regex.ASCII::toLower (16 bytes)
Event: 3.672 Thread 0x0000014b75a8a4b0 nmethod 1055 0x0000014b62386710 code [0x0000014b623868c0, 0x0000014b62386ab0]
Event: 3.672 Thread 0x0000014b75a8a4b0 1056       3       java.util.regex.ASCII::isUpper (18 bytes)
Event: 3.673 Thread 0x0000014b75a8a4b0 nmethod 1056 0x0000014b62386b90 code [0x0000014b62386d20, 0x0000014b62386e70]
Event: 3.676 Thread 0x0000014b75a8a4b0 1057       3       org.eclipse.osgi.internal.util.Tokenizer::skipWhiteSpace (58 bytes)
Event: 3.677 Thread 0x0000014b75a8a4b0 nmethod 1057 0x0000014b62386f10 code [0x0000014b623870c0, 0x0000014b62387370]
Event: 3.677 Thread 0x0000014b75a8a4b0 1058       3       java.lang.String::toLowerCase (29 bytes)
Event: 3.678 Thread 0x0000014b75a8a4b0 nmethod 1058 0x0000014b62387490 code [0x0000014b62387660, 0x0000014b62387918]
Event: 3.679 Thread 0x0000014b75a8a4b0 1059       1       java.util.concurrent.locks.AbstractOwnableSynchronizer::setExclusiveOwnerThread (6 bytes)
Event: 3.679 Thread 0x0000014b75a8a4b0 nmethod 1059 0x0000014b69d25410 code [0x0000014b69d255a0, 0x0000014b69d25680]
Event: 3.681 Thread 0x0000014b75a8a4b0 1060   !   3       jdk.internal.loader.BuiltinClassLoader::loadClassOrNull (143 bytes)

GC Heap History (0 events):
No events

Dll operation events (8 events):
Event: 0.012 Loaded shared library c:\Users\selva\.vscode\extensions\redhat.java-1.46.0-win32-x64\jre\21.0.8-win32-x86_64\bin\java.dll
Event: 0.075 Loaded shared library c:\Users\selva\.vscode\extensions\redhat.java-1.46.0-win32-x64\jre\21.0.8-win32-x86_64\bin\zip.dll
Event: 0.095 Loaded shared library C:\Users\selva\.vscode\extensions\redhat.java-1.46.0-win32-x64\jre\21.0.8-win32-x86_64\bin\instrument.dll
Event: 0.099 Loaded shared library C:\Users\selva\.vscode\extensions\redhat.java-1.46.0-win32-x64\jre\21.0.8-win32-x86_64\bin\net.dll
Event: 0.102 Loaded shared library C:\Users\selva\.vscode\extensions\redhat.java-1.46.0-win32-x64\jre\21.0.8-win32-x86_64\bin\nio.dll
Event: 0.104 Loaded shared library C:\Users\selva\.vscode\extensions\redhat.java-1.46.0-win32-x64\jre\21.0.8-win32-x86_64\bin\zip.dll
Event: 0.120 Loaded shared library C:\Users\selva\.vscode\extensions\redhat.java-1.46.0-win32-x64\jre\21.0.8-win32-x86_64\bin\jimage.dll
Event: 0.183 Loaded shared library c:\Users\selva\.vscode\extensions\redhat.java-1.46.0-win32-x64\jre\21.0.8-win32-x86_64\bin\verify.dll

Deoptimization events (20 events):
Event: 3.589 Thread 0x0000014b5ccfc0c0 DEOPT PACKING pc=0x0000014b622fb55d sp=0x00000031099fe0d0
Event: 3.589 Thread 0x0000014b5ccfc0c0 DEOPT UNPACKING pc=0x0000014b697778e2 sp=0x00000031099fd548 mode 0
Event: 3.593 Thread 0x0000014b5ccfc0c0 DEOPT PACKING pc=0x0000014b622fb55d sp=0x00000031099fe320
Event: 3.593 Thread 0x0000014b5ccfc0c0 DEOPT UNPACKING pc=0x0000014b697778e2 sp=0x00000031099fd798 mode 0
Event: 3.593 Thread 0x0000014b5ccfc0c0 DEOPT PACKING pc=0x0000014b622fb55d sp=0x00000031099fe320
Event: 3.593 Thread 0x0000014b5ccfc0c0 DEOPT UNPACKING pc=0x0000014b697778e2 sp=0x00000031099fd798 mode 0
Event: 3.593 Thread 0x0000014b5ccfc0c0 DEOPT PACKING pc=0x0000014b622fb55d sp=0x00000031099fe320
Event: 3.593 Thread 0x0000014b5ccfc0c0 DEOPT UNPACKING pc=0x0000014b697778e2 sp=0x00000031099fd798 mode 0
Event: 3.631 Thread 0x0000014b5ccfc0c0 Uncommon trap: trap_request=0xffffff45 fr.pc=0x0000014b69cff5f8 relative=0x00000000000002b8
Event: 3.631 Thread 0x0000014b5ccfc0c0 Uncommon trap: reason=unstable_if action=reinterpret pc=0x0000014b69cff5f8 method=java.util.concurrent.ConcurrentHashMap.get(Ljava/lang/Object;)Ljava/lang/Object; @ 76 c2
Event: 3.632 Thread 0x0000014b5ccfc0c0 DEOPT PACKING pc=0x0000014b69cff5f8 sp=0x00000031099fdb00
Event: 3.632 Thread 0x0000014b5ccfc0c0 DEOPT UNPACKING pc=0x0000014b69776da2 sp=0x00000031099fda78 mode 2
Event: 3.661 Thread 0x0000014b5ccfc0c0 Uncommon trap: trap_request=0xffffff45 fr.pc=0x0000014b69d03358 relative=0x00000000000000b8
Event: 3.661 Thread 0x0000014b5ccfc0c0 Uncommon trap: reason=unstable_if action=reinterpret pc=0x0000014b69d03358 method=java.lang.invoke.VarHandle.checkAccessModeThenIsDirect(Ljava/lang/invoke/VarHandle$AccessDescriptor;)Z @ 4 c2
Event: 3.661 Thread 0x0000014b5ccfc0c0 DEOPT PACKING pc=0x0000014b69d03358 sp=0x00000031099fd880
Event: 3.661 Thread 0x0000014b5ccfc0c0 DEOPT UNPACKING pc=0x0000014b69776da2 sp=0x00000031099fd830 mode 2
Event: 3.661 Thread 0x0000014b5ccfc0c0 Uncommon trap: trap_request=0xffffff45 fr.pc=0x0000014b69d037bc relative=0x000000000000009c
Event: 3.661 Thread 0x0000014b5ccfc0c0 Uncommon trap: reason=unstable_if action=reinterpret pc=0x0000014b69d037bc method=java.lang.invoke.VarForm.getMemberName(I)Ljava/lang/invoke/MemberName; @ 8 c2
Event: 3.661 Thread 0x0000014b5ccfc0c0 DEOPT PACKING pc=0x0000014b69d037bc sp=0x00000031099fd880
Event: 3.661 Thread 0x0000014b5ccfc0c0 DEOPT UNPACKING pc=0x0000014b69776da2 sp=0x00000031099fd818 mode 2

Classes loaded (20 events):
Event: 3.661 Loading class jdk/internal/logger/LazyLoggers$LazyLoggerAccessor
Event: 3.661 Loading class jdk/internal/logger/LazyLoggers$LoggerAccessor
Event: 3.661 Loading class jdk/internal/logger/LazyLoggers$LoggerAccessor done
Event: 3.661 Loading class jdk/internal/logger/LazyLoggers$LazyLoggerAccessor done
Event: 3.662 Loading class jdk/internal/logger/SurrogateLogger
Event: 3.662 Loading class jdk/internal/logger/SimpleConsoleLogger
Event: 3.662 Loading class sun/util/logging/PlatformLogger$ConfigurableBridge$LoggerConfiguration
Event: 3.662 Loading class sun/util/logging/PlatformLogger$ConfigurableBridge$LoggerConfiguration done
Event: 3.662 Loading class jdk/internal/logger/SimpleConsoleLogger done
Event: 3.662 Loading class jdk/internal/logger/SurrogateLogger done
Event: 3.663 Loading class sun/util/logging/PlatformLogger
Event: 3.663 Loading class sun/util/logging/PlatformLogger done
Event: 3.663 Loading class sun/util/logging/PlatformLogger$Level
Event: 3.663 Loading class sun/util/logging/PlatformLogger$Level done
Event: 3.669 Loading class java/io/BufferedReader
Event: 3.670 Loading class java/io/BufferedReader done
Event: 3.670 Loading class sun/nio/cs/StreamDecoder
Event: 3.670 Loading class sun/nio/cs/StreamDecoder done
Event: 3.670 Loading class sun/nio/cs/UTF_8$Decoder
Event: 3.671 Loading class sun/nio/cs/UTF_8$Decoder done

Classes unloaded (0 events):
No events

Classes redefined (0 events):
No events

Internal exceptions (20 events):
Event: 0.152 Thread 0x0000014b5ccfc0c0 Exception <a 'java/lang/NoSuchMethodError'{0x00000000d5a04408}: 'java.lang.Object java.lang.invoke.DirectMethodHandle$Holder.invokeStatic(java.lang.Object, java.lang.Object, int)'> (0x00000000d5a04408) 
thrown [s\src\hotspot\share\interpreter\linkResolver.cpp, line 773]
Event: 0.152 Thread 0x0000014b5ccfc0c0 Exception <a 'java/lang/NoSuchMethodError'{0x00000000d5a08d58}: 'void java.lang.invoke.DirectMethodHandle$Holder.invokeStatic(java.lang.Object, java.lang.Object, int, java.lang.Object)'> (0x00000000d5a08d58) 
thrown [s\src\hotspot\share\interpreter\linkResolver.cpp, line 773]
Event: 0.153 Thread 0x0000014b5ccfc0c0 Exception <a 'java/lang/NoSuchMethodError'{0x00000000d5a0c8e8}: 'void java.lang.invoke.DirectMethodHandle$Holder.invokeSpecial(java.lang.Object, java.lang.Object, java.lang.Object, int, java.lang.Object)'> (0x00000000d5a0c8e8) 
thrown [s\src\hotspot\share\interpreter\linkResolver.cpp, line 773]
Event: 0.153 Thread 0x0000014b5ccfc0c0 Exception <a 'java/lang/NoSuchMethodError'{0x00000000d5a0fd58}: 'void java.lang.invoke.DelegatingMethodHandle$Holder.delegate(java.lang.Object, java.lang.Object, int, java.lang.Object)'> (0x00000000d5a0fd58) 
thrown [s\src\hotspot\share\interpreter\linkResolver.cpp, line 773]
Event: 0.199 Thread 0x0000014b5ccfc0c0 Exception <a 'java/lang/NoSuchMethodError'{0x00000000d5bcee90}: 'void java.lang.invoke.DelegatingMethodHandle$Holder.reinvoke_L(java.lang.Object, java.lang.Object, java.lang.Object, int)'> (0x00000000d5bcee90) 
thrown [s\src\hotspot\share\interpreter\linkResolver.cpp, line 773]
Event: 0.309 Thread 0x0000014b5ccfc0c0 Exception <a 'java/lang/NoSuchMethodError'{0x00000000d605a8a0}: 'void java.lang.invoke.DirectMethodHandle$Holder.invokeVirtual(java.lang.Object, java.lang.Object)'> (0x00000000d605a8a0) 
thrown [s\src\hotspot\share\interpreter\linkResolver.cpp, line 773]
Event: 3.453 Thread 0x0000014b5ccfc0c0 Exception <a 'java/lang/NoSuchMethodError'{0x00000000d6440e18}: 'void java.lang.invoke.DirectMethodHandle$Holder.invokeStatic(java.lang.Object, java.lang.Object)'> (0x00000000d6440e18) 
thrown [s\src\hotspot\share\interpreter\linkResolver.cpp, line 773]
Event: 3.458 Thread 0x0000014b5ccfc0c0 Exception <a 'java/lang/ClassNotFoundException'{0x00000000d6469050}: sun/net/www/protocol/c/Handler> (0x00000000d6469050) 
thrown [s\src\hotspot\share\classfile\systemDictionary.cpp, line 312]
Event: 3.475 Thread 0x0000014b5ccfc0c0 Exception <a 'java/io/FileNotFoundException'{0x00000000d64c30a0}> (0x00000000d64c30a0) 
thrown [s\src\hotspot\share\prims\jni.cpp, line 520]
Event: 3.476 Thread 0x0000014b5ccfc0c0 Exception <a 'java/io/FileNotFoundException'{0x00000000d64c4408}> (0x00000000d64c4408) 
thrown [s\src\hotspot\share\prims\jni.cpp, line 520]
Event: 3.476 Thread 0x0000014b5ccfc0c0 Exception <a 'java/io/FileNotFoundException'{0x00000000d64c5080}> (0x00000000d64c5080) 
thrown [s\src\hotspot\share\prims\jni.cpp, line 520]
Event: 3.476 Thread 0x0000014b5ccfc0c0 Exception <a 'java/io/FileNotFoundException'{0x00000000d64c5bc0}> (0x00000000d64c5bc0) 
thrown [s\src\hotspot\share\prims\jni.cpp, line 520]
Event: 3.481 Thread 0x0000014b5ccfc0c0 Implicit null exception at 0x0000014b69cf3824 to 0x0000014b69cf3e24
Event: 3.482 Thread 0x0000014b5ccfc0c0 Implicit null exception at 0x0000014b69cf44a0 to 0x0000014b69cf4a98
Event: 3.484 Thread 0x0000014b5ccfc0c0 Exception <a 'java/io/FileNotFoundException'{0x00000000d64ffd50}> (0x00000000d64ffd50) 
thrown [s\src\hotspot\share\prims\jni.cpp, line 520]
Event: 3.502 Thread 0x0000014b5ccfc0c0 Exception <a 'java/lang/NoSuchMethodError'{0x00000000d653b7f0}: 'java.lang.Object java.lang.invoke.DirectMethodHandle$Holder.invokeInterface(java.lang.Object, java.lang.Object)'> (0x00000000d653b7f0) 
thrown [s\src\hotspot\share\interpreter\linkResolver.cpp, line 773]
Event: 3.510 Thread 0x0000014b5ccfc0c0 Exception <a 'java/lang/NoSuchMethodError'{0x00000000d654f2d8}: 'java.lang.Object java.lang.invoke.Invokers$Holder.invokeExact_MT(java.lang.Object, java.lang.Object, java.lang.Object, java.lang.Object, java.lang.Object, java.lang.Object)'> (0x00000000d654f2d8) 
thrown [s\src\hotspot\share\interpreter\linkResolver.cpp, line 773]
Event: 3.515 Thread 0x0000014b5ccfc0c0 Exception <a 'java/lang/NoSuchMethodError'{0x00000000d6566530}: 'int java.lang.invoke.DirectMethodHandle$Holder.invokeStatic(java.lang.Object, java.lang.Object, java.lang.Object, java.lang.Object, java.lang.Object)'> (0x00000000d6566530) 
thrown [s\src\hotspot\share\interpreter\linkResolver.cpp, line 773]
Event: 3.536 Thread 0x0000014b5ccfc0c0 Exception <a 'java/lang/NoSuchMethodError'{0x00000000d65fc190}: 'java.lang.Object java.lang.invoke.DirectMethodHandle$Holder.invokeInterface(java.lang.Object, java.lang.Object, int)'> (0x00000000d65fc190) 
thrown [s\src\hotspot\share\interpreter\linkResolver.cpp, line 773]
Event: 3.633 Thread 0x0000014b5ccfc0c0 Exception <a 'java/lang/NoSuchMethodError'{0x00000000d6a864a8}: 'java.lang.ClassLoader java.lang.ClassLoader.getPlatformClassLoader(java.lang.Class)'> (0x00000000d6a864a8) 
thrown [s\src\hotspot\share\interpreter\linkResolver.cpp, line 773]

ZGC Phase Switch (0 events):
No events

VM Operations (16 events):
Event: 0.073 Executing VM operation: HandshakeAllThreads (Deoptimize)
Event: 0.073 Executing VM operation: HandshakeAllThreads (Deoptimize) done
Event: 0.130 Executing VM operation: HandshakeAllThreads (Deoptimize)
Event: 0.130 Executing VM operation: HandshakeAllThreads (Deoptimize) done
Event: 1.144 Executing VM operation: Cleanup
Event: 1.382 Executing VM operation: Cleanup done
Event: 2.388 Executing VM operation: Cleanup
Event: 2.388 Executing VM operation: Cleanup done
Event: 3.394 Executing VM operation: Cleanup
Event: 3.426 Executing VM operation: Cleanup done
Event: 3.429 Executing VM operation: HandshakeAllThreads (Deoptimize)
Event: 3.429 Executing VM operation: HandshakeAllThreads (Deoptimize) done
Event: 3.449 Executing VM operation: HandshakeAllThreads (Deoptimize)
Event: 3.449 Executing VM operation: HandshakeAllThreads (Deoptimize) done
Event: 4.443 Executing VM operation: Cleanup
Event: 4.443 Executing VM operation: Cleanup done

Memory protections (0 events):
No events

Nmethod flushes (0 events):
No events

Events (13 events):
Event: 0.034 Thread 0x0000014b5ccfc0c0 Thread added: 0x0000014b5ccfc0c0
Event: 0.048 Thread 0x0000014b5ccfc0c0 Thread added: 0x0000014b75a683c0
Event: 0.048 Thread 0x0000014b5ccfc0c0 Thread added: 0x0000014b5f0bc640
Event: 0.048 Thread 0x0000014b5ccfc0c0 Thread added: 0x0000014b75a6b2d0
Event: 0.048 Thread 0x0000014b5ccfc0c0 Thread added: 0x0000014b75a6dd30
Event: 0.048 Thread 0x0000014b5ccfc0c0 Thread added: 0x0000014b75a71aa0
Event: 0.048 Thread 0x0000014b5ccfc0c0 Thread added: 0x0000014b75a749c0
Event: 0.048 Thread 0x0000014b5ccfc0c0 Thread added: 0x0000014b75a85a30
Event: 0.048 Thread 0x0000014b5ccfc0c0 Thread added: 0x0000014b75a8a4b0
Event: 0.063 Thread 0x0000014b5ccfc0c0 Thread added: 0x0000014b7742b970
Event: 0.084 Thread 0x0000014b75a8a4b0 Thread added: 0x0000014b77518050
Event: 0.254 Thread 0x0000014b5ccfc0c0 Thread added: 0x0000014b7742c000
Event: 0.333 Thread 0x0000014b75a8a4b0 Thread added: 0x0000014b77728630


Dynamic libraries:
0x00007ff615830000 - 0x00007ff61583e000 	c:\Users\selva\.vscode\extensions\redhat.java-1.46.0-win32-x64\jre\21.0.8-win32-x86_64\bin\java.exe
0x00007ffb6e9e0000 - 0x00007ffb6ec48000 	C:\WINDOWS\SYSTEM32\ntdll.dll
0x00007ffb6c800000 - 0x00007ffb6c8c9000 	C:\WINDOWS\System32\KERNEL32.DLL
0x00007ffb6c300000 - 0x00007ffb6c6f2000 	C:\WINDOWS\System32\KERNELBASE.dll
0x00007ffb6c1b0000 - 0x00007ffb6c2fb000 	C:\WINDOWS\System32\ucrtbase.dll
0x00007ffb576f0000 - 0x00007ffb57708000 	c:\Users\selva\.vscode\extensions\redhat.java-1.46.0-win32-x64\jre\21.0.8-win32-x86_64\bin\jli.dll
0x00007ffb572d0000 - 0x00007ffb572ee000 	c:\Users\selva\.vscode\extensions\redhat.java-1.46.0-win32-x64\jre\21.0.8-win32-x86_64\bin\VCRUNTIME140.dll
0x00007ffb6dae0000 - 0x00007ffb6dca5000 	C:\WINDOWS\System32\USER32.dll
0x00007ffb6bb70000 - 0x00007ffb6bb97000 	C:\WINDOWS\System32\win32u.dll
0x00007ffb52270000 - 0x00007ffb52503000 	C:\WINDOWS\WinSxS\amd64_microsoft.windows.common-controls_6595b64144ccf1df_6.0.26100.6899_none_3e0efeeae32e88c1\COMCTL32.dll
0x00007ffb6c7b0000 - 0x00007ffb6c7db000 	C:\WINDOWS\System32\GDI32.dll
0x00007ffb6d3d0000 - 0x00007ffb6d479000 	C:\WINDOWS\System32\msvcrt.dll
0x00007ffb6bfe0000 - 0x00007ffb6c10d000 	C:\WINDOWS\System32\gdi32full.dll
0x00007ffb6c700000 - 0x00007ffb6c7a3000 	C:\WINDOWS\System32\msvcp_win.dll
0x00007ffb6e330000 - 0x00007ffb6e35f000 	C:\WINDOWS\System32\IMM32.DLL
0x00007ffb5bed0000 - 0x00007ffb5bedc000 	c:\Users\selva\.vscode\extensions\redhat.java-1.46.0-win32-x64\jre\21.0.8-win32-x86_64\bin\vcruntime140_1.dll
0x00007ffb309a0000 - 0x00007ffb30a2d000 	c:\Users\selva\.vscode\extensions\redhat.java-1.46.0-win32-x64\jre\21.0.8-win32-x86_64\bin\msvcp140.dll
0x00007ffaecc60000 - 0x00007ffaed9f7000 	c:\Users\selva\.vscode\extensions\redhat.java-1.46.0-win32-x64\jre\21.0.8-win32-x86_64\bin\server\jvm.dll
0x00007ffb6e270000 - 0x00007ffb6e324000 	C:\WINDOWS\System32\ADVAPI32.dll
0x00007ffb6d8e0000 - 0x00007ffb6d986000 	C:\WINDOWS\System32\sechost.dll
0x00007ffb6c8d0000 - 0x00007ffb6c9e8000 	C:\WINDOWS\System32\RPCRT4.dll
0x00007ffb6d990000 - 0x00007ffb6da04000 	C:\WINDOWS\System32\WS2_32.dll
0x00007ffb6b9d0000 - 0x00007ffb6ba2e000 	C:\WINDOWS\SYSTEM32\POWRPROF.dll
0x00007ffb5c260000 - 0x00007ffb5c26b000 	C:\WINDOWS\SYSTEM32\VERSION.dll
0x00007ffb635d0000 - 0x00007ffb63605000 	C:\WINDOWS\SYSTEM32\WINMM.dll
0x00007ffb6b9b0000 - 0x00007ffb6b9c4000 	C:\WINDOWS\SYSTEM32\UMPDC.dll
0x00007ffb6a900000 - 0x00007ffb6a91b000 	C:\WINDOWS\SYSTEM32\kernel.appcore.dll
0x00007ffb5bd10000 - 0x00007ffb5bd1a000 	c:\Users\selva\.vscode\extensions\redhat.java-1.46.0-win32-x64\jre\21.0.8-win32-x86_64\bin\jimage.dll
0x00007ffb691d0000 - 0x00007ffb69412000 	C:\WINDOWS\SYSTEM32\DBGHELP.DLL
0x00007ffb6dd10000 - 0x00007ffb6e08b000 	C:\WINDOWS\System32\combase.dll
0x00007ffb6d780000 - 0x00007ffb6d857000 	C:\WINDOWS\System32\OLEAUT32.dll
0x00007ffb55760000 - 0x00007ffb5579c000 	C:\WINDOWS\SYSTEM32\dbgcore.DLL
0x00007ffb6c110000 - 0x00007ffb6c1a8000 	C:\WINDOWS\System32\bcryptPrimitives.dll
0x00007ffb57130000 - 0x00007ffb5713f000 	c:\Users\selva\.vscode\extensions\redhat.java-1.46.0-win32-x64\jre\21.0.8-win32-x86_64\bin\instrument.dll
0x00007ffb566e0000 - 0x00007ffb566ff000 	c:\Users\selva\.vscode\extensions\redhat.java-1.46.0-win32-x64\jre\21.0.8-win32-x86_64\bin\java.dll
0x00007ffb6cc70000 - 0x00007ffb6d3bd000 	C:\WINDOWS\System32\SHELL32.dll
0x00007ffb6bba0000 - 0x00007ffb6bd0b000 	C:\WINDOWS\System32\wintypes.dll
0x00007ffb69780000 - 0x00007ffb69fdd000 	C:\WINDOWS\SYSTEM32\windows.storage.dll
0x00007ffb6cb70000 - 0x00007ffb6cc62000 	C:\WINDOWS\System32\SHCORE.dll
0x00007ffb6da20000 - 0x00007ffb6da82000 	C:\WINDOWS\System32\shlwapi.dll
0x00007ffb6ba90000 - 0x00007ffb6bab9000 	C:\WINDOWS\SYSTEM32\profapi.dll
0x00007ffb56680000 - 0x00007ffb56698000 	c:\Users\selva\.vscode\extensions\redhat.java-1.46.0-win32-x64\jre\21.0.8-win32-x86_64\bin\zip.dll
0x00007ffb568a0000 - 0x00007ffb568b0000 	C:\Users\selva\.vscode\extensions\redhat.java-1.46.0-win32-x64\jre\21.0.8-win32-x86_64\bin\net.dll
0x00007ffb64b90000 - 0x00007ffb64caf000 	C:\WINDOWS\SYSTEM32\WINHTTP.dll
0x00007ffb6ae50000 - 0x00007ffb6aebb000 	C:\WINDOWS\system32\mswsock.dll
0x00007ffb562c0000 - 0x00007ffb562d6000 	C:\Users\selva\.vscode\extensions\redhat.java-1.46.0-win32-x64\jre\21.0.8-win32-x86_64\bin\nio.dll
0x00007ffb56470000 - 0x00007ffb56480000 	c:\Users\selva\.vscode\extensions\redhat.java-1.46.0-win32-x64\jre\21.0.8-win32-x86_64\bin\verify.dll

JVMTI agents:
c:\Users\selva\.vscode\extensions\redhat.java-1.46.0-win32-x64\lombok\lombok-1.18.39-4050.jar path:c:\Users\selva\.vscode\extensions\redhat.java-1.46.0-win32-x64\jre\21.0.8-win32-x86_64\bin\instrument.dll, loaded, initialized, instrumentlib options:none

dbghelp: loaded successfully - version: 4.0.5 - missing functions: none
symbol engine: initialized successfully - sym options: 0x614 - pdb path: .;c:\Users\selva\.vscode\extensions\redhat.java-1.46.0-win32-x64\jre\21.0.8-win32-x86_64\bin;C:\WINDOWS\SYSTEM32;C:\WINDOWS\WinSxS\amd64_microsoft.windows.common-controls_6595b64144ccf1df_6.0.26100.6899_none_3e0efeeae32e88c1;c:\Users\selva\.vscode\extensions\redhat.java-1.46.0-win32-x64\jre\21.0.8-win32-x86_64\bin\server

VM Arguments:
jvm_args: --add-modules=ALL-SYSTEM --add-opens=java.base/java.util=ALL-UNNAMED --add-opens=java.base/java.lang=ALL-UNNAMED --add-opens=java.base/sun.nio.fs=ALL-UNNAMED -Declipse.application=org.eclipse.jdt.ls.core.id1 -Dosgi.bundles.defaultStartLevel=4 -Declipse.product=org.eclipse.jdt.ls.core.product -Djava.import.generatesMetadataFilesAtProjectRoot=false -DDetectVMInstallationsJob.disabled=true -Dfile.encoding=utf8 -XX:+UseParallelGC -XX:GCTimeRatio=4 -XX:AdaptiveSizePolicyWeight=90 -Dsun.zip.disableMemoryMapping=true -Xmx2G -Xms100m -Xlog:disable -javaagent:c:\Users\selva\.vscode\extensions\redhat.java-1.46.0-win32-x64\lombok\lombok-1.18.39-4050.jar 
java_command: c:\Users\selva\.vscode\extensions\redhat.java-1.46.0-win32-x64\server\plugins\org.eclipse.equinox.launcher_1.7.0.v20250519-0528.jar -configuration c:\Users\selva\AppData\Roaming\Code\User\globalStorage\redhat.java\1.46.0\config_ss_win -data c:\Users\selva\AppData\Roaming\Code\User\workspaceStorage\a92747001f98d2e4e710d253196d3f3e\redhat.java\ss_ws --pipe=\\.\pipe\lsp-2fd35abf224c4ddc7215999b7ca8c833-sock
java_class_path (initial): c:\Users\selva\.vscode\extensions\redhat.java-1.46.0-win32-x64\server\plugins\org.eclipse.equinox.launcher_1.7.0.v20250519-0528.jar
Launcher Type: SUN_STANDARD

[Global flags]
    uintx AdaptiveSizePolicyWeight                 = 90                                        {product} {command line}
     intx CICompilerCount                          = 4                                         {product} {ergonomic}
    uintx GCTimeRatio                              = 4                                         {product} {command line}
   size_t InitialHeapSize                          = 104857600                                 {product} {command line}
   size_t MaxHeapSize                              = 2147483648                                {product} {command line}
   size_t MaxNewSize                               = 715653120                                 {product} {ergonomic}
   size_t MinHeapDeltaBytes                        = 524288                                    {product} {ergonomic}
   size_t MinHeapSize                              = 104857600                                 {product} {command line}
   size_t NewSize                                  = 34603008                                  {product} {ergonomic}
    uintx NonNMethodCodeHeapSize                   = 5839372                                {pd product} {ergonomic}
    uintx NonProfiledCodeHeapSize                  = 122909434                              {pd product} {ergonomic}
   size_t OldSize                                  = 70254592                                  {product} {ergonomic}
    uintx ProfiledCodeHeapSize                     = 122909434                              {pd product} {ergonomic}
    uintx ReservedCodeCacheSize                    = 251658240                              {pd product} {ergonomic}
     bool SegmentedCodeCache                       = true                                      {product} {ergonomic}
   size_t SoftMaxHeapSize                          = 2147483648                             {manageable} {ergonomic}
     bool UseCompressedOops                        = true                           {product lp64_product} {ergonomic}
     bool UseLargePagesIndividualAllocation        = false                                  {pd product} {ergonomic}
     bool UseParallelGC                            = true                                      {product} {command line}

Logging:
Log output configuration:
 #0: stdout all=off uptime,level,tags foldmultilines=false
 #1: stderr all=off uptime,level,tags foldmultilines=false

Environment Variables:
JAVA_HOME=C:\Program Files\Zulu\zulu-21\
PATH=C:\Program Files\Zulu\zulu-21\bin\;C:\app\selva\product\21c\dbhomeXE\bin;C:\WINDOWS\system32;C:\WINDOWS;C:\WINDOWS\System32\Wbem;C:\WINDOWS\System32\WindowsPowerShell\v1.0\;C:\WINDOWS\System32\OpenSSH\;C:\Program Files\dotnet\;C:\ProgramData\chocolatey\bin;C:\Users\selva\AppData\Roaming\Microsoft\Windows\Start Menu\Programs\Eclipse\Eclipse IDE for Java Developers - 2023-09.lnk;C:\Program Files (x86)\Microsoft SQL Server\160\Tools\Binn\;C:\Program Files\Microsoft SQL Server\160\Tools\Binn\;C:\Program Files\Microsoft SQL Server\Client SDK\ODBC\170\Tools\Binn\;C:\Program Files\Microsoft SQL Server\160\DTS\Binn\;C:\Program Files\Azure Data Studio\bin;C:\Program Files\Java\jdk-21\bin;C:\Program Files\Git\cmd;C:\Program Files\MySQL\MySQL Server 8.0\bin;C:\Program Files\nodejs\;C:\Program Files\MySQL\MySQL Server 5.7\bin;C:\Program Files\apache-maven-3.9.11\bin;C:\\Users\\selva\\AppData\\Local\\Blackbox\\bin;C:\Users\selva\AppData\Local\Programs\Python\Python313\Scripts\;C:\Users\selva\AppData\Local\Programs\Python\Python313\;C:\Users\selva\AppData\Local\Microsoft\WindowsApps;C:\Program Files\Azure Data Studio\bin;C:\Users\selva\AppData\Local\Programs\Microsoft VS Code\bin;C:\Program Files\MySQL\mysql-8.0.40-winx64\bin;C:\Users\selva\AppData\Roaming\npm;C:\Users\selva\AppData\Local\GitHubDesktop\bin;C:\Program Files\JetBrains\IntelliJ IDEA Community Edition 2025.1.2\bin;;C:\Users\selva\AppData\Local\Microsoft\WinGet\Packages\Gyan.FFmpeg_Microsoft.Winget.Source_8wekyb3d8bbwe\ffmpeg-7.1.1-full_build\bin;
USERNAME=selva
OS=Windows_NT
PROCESSOR_IDENTIFIER=Intel64 Family 6 Model 140 Stepping 1, GenuineIntel
TMP=C:\Users\selva\AppData\Local\Temp
TEMP=C:\Users\selva\AppData\Local\Temp




Periodic native trim disabled

---------------  S Y S T E M  ---------------

OS:
 Windows 11 , 64 bit Build 26100 (10.0.26100.6725)
OS uptime: 0 days 2:04 hours
Hyper-V role detected

CPU: total 8 (initial active 8) (4 cores per cpu, 2 threads per core) family 6 model 140 stepping 1 microcode 0xbc, cx8, cmov, fxsr, ht, mmx, 3dnowpref, sse, sse2, sse3, ssse3, sse4.1, sse4.2, popcnt, lzcnt, tsc, tscinvbit, avx, avx2, aes, erms, clmul, bmi1, bmi2, adx, avx512f, avx512dq, avx512cd, avx512bw, avx512vl, sha, fma, vzeroupper, avx512_vpopcntdq, avx512_vpclmulqdq, avx512_vaes, avx512_vnni, clflush, clflushopt, clwb, avx512_vbmi2, avx512_vbmi, hv, rdtscp, rdpid, fsrm, gfni, avx512_bitalg, f16c, cet_ibt, cet_ss, avx512_ifma
Processor Information for the first 8 processors :
  Max Mhz: 2419, Current Mhz: 2419, Mhz Limit: 2419

Memory: 4k page, system-wide physical 12022M (1331M free)
TotalPageFile size 16118M (AvailPageFile size 55M)
current process WorkingSet (physical memory assigned to process): 82M, peak: 82M
current process commit charge ("private bytes"): 236M, peak: 237M

vm_info: OpenJDK 64-Bit Server VM (21.0.8+9-LTS) for windows-amd64 JRE (21.0.8+9-LTS), built on 2025-07-15T00:00:00Z by "admin" with MS VC++ 17.7 (VS2022)

END.
