#
# There is insufficient memory for the Java Runtime Environment to continue.
# Native memory allocation (malloc) failed to allocate 165376 bytes. Error detail: Chunk::new
# Possible reasons:
#   The system is out of physical RAM or swap space
#   This process is running with CompressedOops enabled, and the Java Heap may be blocking the growth of the native heap
# Possible solutions:
#   Reduce memory load on the system
#   Increase physical memory or swap space
#   Check if swap backing store is full
#   Decrease Java heap size (-Xmx/-Xms)
#   Decrease number of Java threads
#   Decrease Java thread stack sizes (-Xss)
#   Set larger code cache with -XX:ReservedCodeCacheSize=
#   JVM is running with Unscaled Compressed Oops mode in which the Java heap is
#     placed in the first 4GB address space. The Java Heap base address is the
#     maximum limit for the native heap growth. Please use -XX:HeapBaseMinAddress
#     to set the Java Heap base and to place the Java Heap above 4GB virtual address.
# This output file may be truncated or incomplete.
#
#  Out of Memory Error (arena.cpp:168), pid=10252, tid=15496
#
# JRE version: OpenJDK Runtime Environment Temurin-21.0.8+9 (21.0.8+9) (build 21.0.8+9-LTS)
# Java VM: OpenJDK 64-Bit Server VM Temurin-21.0.8+9 (21.0.8+9-LTS, mixed mode, sharing, tiered, compressed oops, compressed class ptrs, parallel gc, windows-amd64)
# No core dump will be written. Minidumps are not enabled by default on client versions of Windows
#

---------------  S U M M A R Y ------------

Command Line: --add-modules=ALL-SYSTEM --add-opens=java.base/java.util=ALL-UNNAMED --add-opens=java.base/java.lang=ALL-UNNAMED --add-opens=java.base/sun.nio.fs=ALL-UNNAMED -Declipse.application=org.eclipse.jdt.ls.core.id1 -Dosgi.bundles.defaultStartLevel=4 -Declipse.product=org.eclipse.jdt.ls.core.product -Djava.import.generatesMetadataFilesAtProjectRoot=false -DDetectVMInstallationsJob.disabled=true -Dfile.encoding=utf8 -XX:+UseParallelGC -XX:GCTimeRatio=4 -XX:AdaptiveSizePolicyWeight=90 -Dsun.zip.disableMemoryMapping=true -Xmx2G -Xms100m -Xlog:disable -javaagent:c:\Users\selva\.vscode\extensions\redhat.java-1.46.0-win32-x64\lombok\lombok-1.18.39-4050.jar -XX:+HeapDumpOnOutOfMemoryError -XX:HeapDumpPath=c:\Users\selva\AppData\Roaming\Code\User\workspaceStorage\a92747001f98d2e4e710d253196d3f3e\redhat.java -Daether.dependencyCollector.impl=bf c:\Users\selva\.vscode\extensions\redhat.java-1.46.0-win32-x64\server\plugins\org.eclipse.equinox.launcher_1.7.0.v20250519-0528.jar -configuration c:\Users\selva\AppData\Roaming\Code\User\globalStorage\redhat.java\1.46.0\config_win -data c:\Users\selva\AppData\Roaming\Code\User\workspaceStorage\a92747001f98d2e4e710d253196d3f3e\redhat.java\jdt_ws --pipe=\\.\pipe\lsp-d6b2749717e77cf50c725835be2c406c-sock

Host: 11th Gen Intel(R) Core(TM) i5-1135G7 @ 2.40GHz, 8 cores, 11G,  Windows 11 , 64 bit Build 26100 (10.0.26100.6725)
Time: Fri Oct 24 11:28:32 2025 India Standard Time elapsed time: 22.243312 seconds (0d 0h 0m 22s)

---------------  T H R E A D  ---------------

Current thread (0x00000223d4433980):  JavaThread "C2 CompilerThread0" daemon [_thread_in_native, id=15496, stack(0x0000003f06400000,0x0000003f06500000) (1024K)]


Current CompileTask:
C2:22243 1669       4       java.math.BigInteger::implMultiplyToLen (216 bytes)

Stack: [0x0000003f06400000,0x0000003f06500000]
Native frames: (J=compiled Java code, j=interpreted, Vv=VM code, C=native code)
V  [jvm.dll+0x6d2449]
V  [jvm.dll+0x8ae341]
V  [jvm.dll+0x8b08be]
V  [jvm.dll+0x8b0fa3]
V  [jvm.dll+0x280c96]
V  [jvm.dll+0xc581d]
V  [jvm.dll+0xc5d53]
V  [jvm.dll+0x2f539d]
V  [jvm.dll+0x5fa00a]
V  [jvm.dll+0x252092]
V  [jvm.dll+0x25244f]
V  [jvm.dll+0x24ad14]
V  [jvm.dll+0x2483a4]
V  [jvm.dll+0x1c89ee]
V  [jvm.dll+0x257d4d]
V  [jvm.dll+0x2562ea]
V  [jvm.dll+0x3f2d16]
V  [jvm.dll+0x857e6b]
V  [jvm.dll+0x6d0b0d]
C  [ucrtbase.dll+0x37b0]
C  [KERNEL32.DLL+0x2e8d7]
C  [ntdll.dll+0x8c53c]


---------------  P R O C E S S  ---------------

Threads class SMR info:
_java_thread_list=0x00000223eca837a0, length=14, elements={
0x00000223d21cced0, 0x00000223d44283b0, 0x00000223d456d630, 0x00000223d4429f20,
0x00000223d442acd0, 0x00000223d442dce0, 0x00000223d4430740, 0x00000223d4433980,
0x00000223ec6e8120, 0x00000223ec7a9f20, 0x00000223ec9f8e70, 0x00000223ec94ca80,
0x00000223f15a5be0, 0x00000223f19fa6c0
}

Java Threads: ( => current thread )
  0x00000223d21cced0 JavaThread "main"                              [_thread_in_native, id=7684, stack(0x0000003f05900000,0x0000003f05a00000) (1024K)]
  0x00000223d44283b0 JavaThread "Reference Handler"          daemon [_thread_blocked, id=8996, stack(0x0000003f05e00000,0x0000003f05f00000) (1024K)]
  0x00000223d456d630 JavaThread "Finalizer"                  daemon [_thread_blocked, id=15968, stack(0x0000003f05f00000,0x0000003f06000000) (1024K)]
  0x00000223d4429f20 JavaThread "Signal Dispatcher"          daemon [_thread_blocked, id=19308, stack(0x0000003f06000000,0x0000003f06100000) (1024K)]
  0x00000223d442acd0 JavaThread "Attach Listener"            daemon [_thread_blocked, id=7260, stack(0x0000003f06100000,0x0000003f06200000) (1024K)]
  0x00000223d442dce0 JavaThread "Service Thread"             daemon [_thread_blocked, id=4208, stack(0x0000003f06200000,0x0000003f06300000) (1024K)]
  0x00000223d4430740 JavaThread "Monitor Deflation Thread"   daemon [_thread_blocked, id=14020, stack(0x0000003f06300000,0x0000003f06400000) (1024K)]
=>0x00000223d4433980 JavaThread "C2 CompilerThread0"         daemon [_thread_in_native, id=15496, stack(0x0000003f06400000,0x0000003f06500000) (1024K)]
  0x00000223ec6e8120 JavaThread "C1 CompilerThread0"         daemon [_thread_blocked, id=7864, stack(0x0000003f06500000,0x0000003f06600000) (1024K)]
  0x00000223ec7a9f20 JavaThread "Common-Cleaner"             daemon [_thread_blocked, id=1836, stack(0x0000003f06600000,0x0000003f06700000) (1024K)]
  0x00000223ec9f8e70 JavaThread "Notification Thread"        daemon [_thread_blocked, id=18416, stack(0x0000003f06800000,0x0000003f06900000) (1024K)]
  0x00000223ec94ca80 JavaThread "C2 CompilerThread1"         daemon [_thread_blocked, id=17816, stack(0x0000003f06700000,0x0000003f06800000) (1024K)]
  0x00000223f15a5be0 JavaThread "C2 CompilerThread2"         daemon [_thread_in_native, id=2020, stack(0x0000003f06900000,0x0000003f06a00000) (1024K)]
  0x00000223f19fa6c0 JavaThread "Active Thread: Equinox Container: 38c3a4c9-a705-4e3a-9c4a-a1bdc581862e"        [_thread_blocked, id=6352, stack(0x0000003f07000000,0x0000003f07100000) (1024K)]
Total: 14

Other Threads:
  0x00000223d4551de0 VMThread "VM Thread"                           [id=10204, stack(0x0000003f05d00000,0x0000003f05e00000) (1024K)]
  0x00000223d451fe50 WatcherThread "VM Periodic Task Thread"        [id=6728, stack(0x0000003f05c00000,0x0000003f05d00000) (1024K)]
  0x00000223d44cf880 WorkerThread "GC Thread#0"                     [id=10708, stack(0x0000003f05a00000,0x0000003f05b00000) (1024K)]
  0x00000223f15a8640 WorkerThread "GC Thread#1"                     [id=1796, stack(0x0000003f06a00000,0x0000003f06b00000) (1024K)]
  0x00000223f15a91f0 WorkerThread "GC Thread#2"                     [id=17988, stack(0x0000003f06b00000,0x0000003f06c00000) (1024K)]
  0x00000223f15a9590 WorkerThread "GC Thread#3"                     [id=8824, stack(0x0000003f06c00000,0x0000003f06d00000) (1024K)]
  0x00000223f17d0200 WorkerThread "GC Thread#4"                     [id=18012, stack(0x0000003f06d00000,0x0000003f06e00000) (1024K)]
  0x00000223f17d05a0 WorkerThread "GC Thread#5"                     [id=4696, stack(0x0000003f06e00000,0x0000003f06f00000) (1024K)]
  0x00000223f17d1150 WorkerThread "GC Thread#6"                     [id=19364, stack(0x0000003f06f00000,0x0000003f07000000) (1024K)]
Total: 9

Threads with active compile tasks:
C2 CompilerThread0  22258 1669       4       java.math.BigInteger::implMultiplyToLen (216 bytes)
C2 CompilerThread2  22258 1711       4       java.util.StringTokenizer::scanToken (179 bytes)
Total: 2

VM state: not at safepoint (normal execution)

VM Mutex/Monitor currently owned by a thread: None

Heap address: 0x0000000080000000, size: 2048 MB, Compressed Oops mode: 32-bit

CDS archive(s) mapped at: [0x0000022380000000-0x0000022380ba0000-0x0000022380ba0000), size 12189696, SharedBaseAddress: 0x0000022380000000, ArchiveRelocationMode: 1.
Compressed class space mapped at: 0x0000022381000000-0x00000223c1000000, reserved size: 1073741824
Narrow klass base: 0x0000022380000000, Narrow klass shift: 0, Narrow klass range: 0x100000000

GC Precious Log:
 CardTable entry size: 512
 CPUs: 8 total, 8 available
 Memory: 12022M
 Large Page Support: Disabled
 NUMA Support: Disabled
 Compressed Oops: Enabled (32-bit)
 Alignments: Space 512K, Generation 512K, Heap 2M
 Heap Min Capacity: 100M
 Heap Initial Capacity: 100M
 Heap Max Capacity: 2G
 Pre-touch: Disabled
 Parallel Workers: 8

Heap:
 PSYoungGen      total 29696K, used 27587K [0x00000000d5580000, 0x00000000d7680000, 0x0000000100000000)
  eden space 25600K, 94% used [0x00000000d5580000,0x00000000d6d28bc8,0x00000000d6e80000)
  from space 4096K, 82% used [0x00000000d6e80000,0x00000000d71c80b8,0x00000000d7280000)
  to   space 4096K, 0% used [0x00000000d7280000,0x00000000d7280000,0x00000000d7680000)
 ParOldGen       total 68608K, used 16K [0x0000000080000000, 0x0000000084300000, 0x00000000d5580000)
  object space 68608K, 0% used [0x0000000080000000,0x0000000080004000,0x0000000084300000)
 Metaspace       used 7878K, committed 8192K, reserved 1114112K
  class space    used 824K, committed 960K, reserved 1048576K

Card table byte_map: [0x00000223d3e50000,0x00000223d4260000] _byte_map_base: 0x00000223d3a50000

Marking Bits: (ParMarkBitMap*) 0x00007ffaed91a340
 Begin Bits: [0x00000223e6950000, 0x00000223e8950000)
 End Bits:   [0x00000223e8950000, 0x00000223ea950000)

Polling page: 0x00000223d3ac0000

Metaspace:

Usage:
  Non-class:      6.89 MB used.
      Class:    824.48 KB used.
       Both:      7.69 MB used.

Virtual space:
  Non-class space:       64.00 MB reserved,       7.06 MB ( 11%) committed,  1 nodes.
      Class space:        1.00 GB reserved,     960.00 KB ( <1%) committed,  1 nodes.
             Both:        1.06 GB reserved,       8.00 MB ( <1%) committed. 

Chunk freelists:
   Non-Class:  8.86 MB
       Class:  14.91 MB
        Both:  23.77 MB

MaxMetaspaceSize: unlimited
CompressedClassSpaceSize: 1.00 GB
Initial GC threshold: 21.00 MB
Current GC threshold: 21.00 MB
CDS: on
 - commit_granule_bytes: 65536.
 - commit_granule_words: 8192.
 - virtual_space_node_default_size: 8388608.
 - enlarge_chunks_in_place: 1.
 - use_allocation_guard: 0.


Internal statistics:

num_allocs_failed_limit: 0.
num_arena_births: 228.
num_arena_deaths: 0.
num_vsnodes_births: 2.
num_vsnodes_deaths: 0.
num_space_committed: 128.
num_space_uncommitted: 0.
num_chunks_returned_to_freelist: 0.
num_chunks_taken_from_freelist: 417.
num_chunk_merges: 0.
num_chunk_splits: 267.
num_chunks_enlarged: 179.
num_inconsistent_stats: 0.

CodeHeap 'non-profiled nmethods': size=120000Kb used=754Kb max_used=754Kb free=119246Kb
 bounds [0x00000223df170000, 0x00000223df3e0000, 0x00000223e66a0000]
CodeHeap 'profiled nmethods': size=120000Kb used=3043Kb max_used=3043Kb free=116956Kb
 bounds [0x00000223d76a0000, 0x00000223d79a0000, 0x00000223debd0000]
CodeHeap 'non-nmethods': size=5760Kb used=1226Kb max_used=1253Kb free=4533Kb
 bounds [0x00000223debd0000, 0x00000223dee40000, 0x00000223df170000]
CodeCache: size=245760Kb, used=5023Kb, max_used=5050Kb, free=240735Kb
 total_blobs=2187, nmethods=1704, adapters=390, full_count=0
Compilation: enabled, stopped_count=0, restarted_count=0

Compilation events (20 events):
Event: 20.217 Thread 0x00000223ec6e8120 nmethod 1660 0x00000223d7984f10 code [0x00000223d79850c0, 0x00000223d7985220]
Event: 20.217 Thread 0x00000223ec6e8120 1674       3       java.lang.String::encode8859_1 (7 bytes)
Event: 20.217 Thread 0x00000223ec6e8120 nmethod 1674 0x00000223d7985310 code [0x00000223d79854c0, 0x00000223d79855e0]
Event: 20.217 Thread 0x00000223ec6e8120 1675  s    3       java.util.Hashtable::remove (133 bytes)
Event: 20.218 Thread 0x00000223ec6e8120 nmethod 1675 0x00000223d7985690 code [0x00000223d7985880, 0x00000223d7985fd8]
Event: 20.218 Thread 0x00000223ec6e8120 1676       3       java.util.Collections$UnmodifiableCollection::toArray (10 bytes)
Event: 20.218 Thread 0x00000223ec6e8120 nmethod 1676 0x00000223d7986210 code [0x00000223d79863c0, 0x00000223d7986598]
Event: 20.218 Thread 0x00000223ec6e8120 1677       3       java.util.zip.CRC32::<init> (5 bytes)
Event: 20.219 Thread 0x00000223ec6e8120 nmethod 1677 0x00000223d7986690 code [0x00000223d7986840, 0x00000223d79869a8]
Event: 20.219 Thread 0x00000223ec6e8120 1678       3       java.util.zip.CRC32::update (38 bytes)
Event: 20.220 Thread 0x00000223ec6e8120 nmethod 1678 0x00000223d7986a90 code [0x00000223d7986c80, 0x00000223d79870a8]
Event: 20.220 Thread 0x00000223ec6e8120 1679       3       java.util.zip.CRC32::updateBytes (14 bytes)
Event: 20.221 Thread 0x00000223ec6e8120 nmethod 1679 0x00000223d7987290 code [0x00000223d7987460, 0x00000223d7987810]
Event: 20.222 Thread 0x00000223ec6e8120 1680       3       java.util.zip.CRC32::updateBytesCheck (35 bytes)
Event: 20.222 Thread 0x00000223ec6e8120 nmethod 1680 0x00000223d7987a10 code [0x00000223d7987be0, 0x00000223d7987f28]
Event: 20.223 Thread 0x00000223f15a5be0 nmethod 1667 0x00000223df228290 code [0x00000223df228420, 0x00000223df2286b0]
Event: 20.223 Thread 0x00000223f15a5be0 1670       4       java.math.MutableBigInteger::mulsub (110 bytes)
Event: 21.245 Thread 0x00000223ec6e8120 1681       3       java.util.jar.JavaUtilJarAccessImpl::getTrustedAttributes (6 bytes)
Event: 21.245 Thread 0x00000223ec6e8120 nmethod 1681 0x00000223d7988110 code [0x00000223d79882c0, 0x00000223d7988420]
Event: 21.246 Thread 0x00000223ec6e8120 1683   !   3       jdk.internal.loader.Resource::getBytes (244 bytes)

GC Heap History (2 events):
Event: 8.625 GC heap before
{Heap before GC invocations=1 (full 0):
 PSYoungGen      total 29696K, used 25600K [0x00000000d5580000, 0x00000000d7680000, 0x0000000100000000)
  eden space 25600K, 100% used [0x00000000d5580000,0x00000000d6e80000,0x00000000d6e80000)
  from space 4096K, 0% used [0x00000000d7280000,0x00000000d7280000,0x00000000d7680000)
  to   space 4096K, 0% used [0x00000000d6e80000,0x00000000d6e80000,0x00000000d7280000)
 ParOldGen       total 68608K, used 0K [0x0000000080000000, 0x0000000084300000, 0x00000000d5580000)
  object space 68608K, 0% used [0x0000000080000000,0x0000000080000000,0x0000000084300000)
 Metaspace       used 4317K, committed 4608K, reserved 1114112K
  class space    used 471K, committed 576K, reserved 1048576K
}
Event: 8.633 GC heap after
{Heap after GC invocations=1 (full 0):
 PSYoungGen      total 29696K, used 3360K [0x00000000d5580000, 0x00000000d7680000, 0x0000000100000000)
  eden space 25600K, 0% used [0x00000000d5580000,0x00000000d5580000,0x00000000d6e80000)
  from space 4096K, 82% used [0x00000000d6e80000,0x00000000d71c80b8,0x00000000d7280000)
  to   space 4096K, 0% used [0x00000000d7280000,0x00000000d7280000,0x00000000d7680000)
 ParOldGen       total 68608K, used 16K [0x0000000080000000, 0x0000000084300000, 0x00000000d5580000)
  object space 68608K, 0% used [0x0000000080000000,0x0000000080004000,0x0000000084300000)
 Metaspace       used 4317K, committed 4608K, reserved 1114112K
  class space    used 471K, committed 576K, reserved 1048576K
}

Dll operation events (8 events):
Event: 0.008 Loaded shared library c:\Users\selva\.vscode\extensions\redhat.java-1.46.0-win32-x64\jre\21.0.8-win32-x86_64\bin\java.dll
Event: 0.624 Loaded shared library c:\Users\selva\.vscode\extensions\redhat.java-1.46.0-win32-x64\jre\21.0.8-win32-x86_64\bin\zip.dll
Event: 0.709 Loaded shared library C:\Users\selva\.vscode\extensions\redhat.java-1.46.0-win32-x64\jre\21.0.8-win32-x86_64\bin\instrument.dll
Event: 0.716 Loaded shared library C:\Users\selva\.vscode\extensions\redhat.java-1.46.0-win32-x64\jre\21.0.8-win32-x86_64\bin\net.dll
Event: 0.726 Loaded shared library C:\Users\selva\.vscode\extensions\redhat.java-1.46.0-win32-x64\jre\21.0.8-win32-x86_64\bin\nio.dll
Event: 0.731 Loaded shared library C:\Users\selva\.vscode\extensions\redhat.java-1.46.0-win32-x64\jre\21.0.8-win32-x86_64\bin\zip.dll
Event: 0.761 Loaded shared library C:\Users\selva\.vscode\extensions\redhat.java-1.46.0-win32-x64\jre\21.0.8-win32-x86_64\bin\jimage.dll
Event: 1.848 Loaded shared library c:\Users\selva\.vscode\extensions\redhat.java-1.46.0-win32-x64\jre\21.0.8-win32-x86_64\bin\verify.dll

Deoptimization events (20 events):
Event: 20.167 Thread 0x00000223d21cced0 DEOPT PACKING pc=0x00000223df1e0d68 sp=0x0000003f059fe170
Event: 20.167 Thread 0x00000223d21cced0 DEOPT UNPACKING pc=0x00000223dec26da2 sp=0x0000003f059fe130 mode 2
Event: 20.199 Thread 0x00000223d21cced0 DEOPT PACKING pc=0x00000223d77686bc sp=0x0000003f059fc130
Event: 20.199 Thread 0x00000223d21cced0 DEOPT UNPACKING pc=0x00000223dec278e2 sp=0x0000003f059fb650 mode 0
Event: 20.209 Thread 0x00000223d21cced0 DEOPT PACKING pc=0x00000223d779e90b sp=0x0000003f059fcb90
Event: 20.209 Thread 0x00000223d21cced0 DEOPT UNPACKING pc=0x00000223dec278e2 sp=0x0000003f059fc008 mode 0
Event: 20.210 Thread 0x00000223d21cced0 DEOPT PACKING pc=0x00000223d779e90b sp=0x0000003f059fc820
Event: 20.210 Thread 0x00000223d21cced0 DEOPT UNPACKING pc=0x00000223dec278e2 sp=0x0000003f059fbc98 mode 0
Event: 20.211 Thread 0x00000223d21cced0 DEOPT PACKING pc=0x00000223d7820088 sp=0x0000003f059fc420
Event: 20.211 Thread 0x00000223d21cced0 DEOPT UNPACKING pc=0x00000223dec278e2 sp=0x0000003f059fb8a0 mode 0
Event: 20.211 Thread 0x00000223d21cced0 DEOPT PACKING pc=0x00000223d779a586 sp=0x0000003f059fc2e0
Event: 20.211 Thread 0x00000223d21cced0 DEOPT UNPACKING pc=0x00000223dec278e2 sp=0x0000003f059fb760 mode 0
Event: 20.212 Thread 0x00000223d21cced0 DEOPT PACKING pc=0x00000223d7820088 sp=0x0000003f059fc730
Event: 20.212 Thread 0x00000223d21cced0 DEOPT UNPACKING pc=0x00000223dec278e2 sp=0x0000003f059fbbb0 mode 0
Event: 20.213 Thread 0x00000223d21cced0 DEOPT PACKING pc=0x00000223d779a586 sp=0x0000003f059fc530
Event: 20.213 Thread 0x00000223d21cced0 DEOPT UNPACKING pc=0x00000223dec278e2 sp=0x0000003f059fb9b0 mode 0
Event: 20.213 Thread 0x00000223d21cced0 DEOPT PACKING pc=0x00000223d7820088 sp=0x0000003f059fc680
Event: 20.213 Thread 0x00000223d21cced0 DEOPT UNPACKING pc=0x00000223dec278e2 sp=0x0000003f059fbb00 mode 0
Event: 20.214 Thread 0x00000223d21cced0 DEOPT PACKING pc=0x00000223d7820088 sp=0x0000003f059fc980
Event: 20.214 Thread 0x00000223d21cced0 DEOPT UNPACKING pc=0x00000223dec278e2 sp=0x0000003f059fbe00 mode 0

Classes loaded (20 events):
Event: 20.152 Loading class java/net/ContentHandlerFactory
Event: 20.152 Loading class java/net/ContentHandlerFactory done
Event: 20.167 Loading class java/util/ConcurrentModificationException
Event: 20.167 Loading class java/util/ConcurrentModificationException done
Event: 20.173 Loading class java/util/LinkedList
Event: 20.173 Loading class java/util/AbstractSequentialList
Event: 20.173 Loading class java/util/AbstractSequentialList done
Event: 20.173 Loading class java/util/LinkedList done
Event: 20.180 Loading class java/net/ContentHandler
Event: 20.180 Loading class java/net/ContentHandler done
Event: 20.181 Loading class java/net/UrlDeserializedState
Event: 20.181 Loading class java/net/UrlDeserializedState done
Event: 20.182 Loading class java/lang/reflect/InaccessibleObjectException
Event: 20.182 Loading class java/lang/reflect/InaccessibleObjectException done
Event: 20.183 Loading class java/lang/StackWalker$Option
Event: 20.183 Loading class java/lang/StackWalker$Option done
Event: 20.203 Loading class javax/xml/parsers/ParserConfigurationException
Event: 20.204 Loading class javax/xml/parsers/ParserConfigurationException done
Event: 20.207 Loading class java/security/KeyStoreException
Event: 20.207 Loading class java/security/KeyStoreException done

Classes unloaded (0 events):
No events

Classes redefined (0 events):
No events

Internal exceptions (20 events):
Event: 8.394 Thread 0x00000223d21cced0 Exception <a 'java/lang/NoSuchMethodError'{0x00000000d65f95b8}: 'java.lang.Object java.lang.invoke.DirectMethodHandle$Holder.invokeInterface(java.lang.Object, java.lang.Object, int)'> (0x00000000d65f95b8) 
thrown [s\src\hotspot\share\interpreter\linkResolver.cpp, line 773]
Event: 8.543 Thread 0x00000223d21cced0 Exception <a 'java/lang/NoSuchMethodError'{0x00000000d6a7dcc8}: 'java.lang.ClassLoader java.lang.ClassLoader.getPlatformClassLoader(java.lang.Class)'> (0x00000000d6a7dcc8) 
thrown [s\src\hotspot\share\interpreter\linkResolver.cpp, line 773]
Event: 8.636 Thread 0x00000223d21cced0 Exception <a 'java/lang/ClassNotFoundException'{0x00000000d5599248}: sun/net/www/protocol/c/Handler> (0x00000000d5599248) 
thrown [s\src\hotspot\share\classfile\systemDictionary.cpp, line 312]
Event: 8.637 Thread 0x00000223d21cced0 Exception <a 'java/lang/ClassNotFoundException'{0x00000000d559a600}: sun/net/www/protocol/d/Handler> (0x00000000d559a600) 
thrown [s\src\hotspot\share\classfile\systemDictionary.cpp, line 312]
Event: 8.637 Thread 0x00000223d21cced0 Exception <a 'java/lang/ClassNotFoundException'{0x00000000d559b810}: sun/net/www/protocol/c/Handler> (0x00000000d559b810) 
thrown [s\src\hotspot\share\classfile\systemDictionary.cpp, line 312]
Event: 8.644 Thread 0x00000223d21cced0 Exception <a 'java/io/FileNotFoundException'{0x00000000d55c3f40}> (0x00000000d55c3f40) 
thrown [s\src\hotspot\share\prims\jni.cpp, line 520]
Event: 8.676 Thread 0x00000223d21cced0 Implicit null exception at 0x00000223df1cf9c9 to 0x00000223df1d0354
Event: 8.676 Thread 0x00000223d21cced0 Implicit null exception at 0x00000223df1df69a to 0x00000223df1df8a4
Event: 8.677 Thread 0x00000223d21cced0 Exception <a 'java/lang/NoSuchMethodError'{0x00000000d57b0508}: 'void java.lang.invoke.DirectMethodHandle$Holder.invokeStatic(java.lang.Object, java.lang.Object, java.lang.Object, java.lang.Object)'> (0x00000000d57b0508) 
thrown [s\src\hotspot\share\interpreter\linkResolver.cpp, line 773]
Event: 8.678 Thread 0x00000223d21cced0 Implicit null exception at 0x00000223df1d2b3c to 0x00000223df1d2dcc
Event: 8.678 Thread 0x00000223d21cced0 Implicit null exception at 0x00000223df1d18bd to 0x00000223df1d1941
Event: 9.769 Thread 0x00000223d21cced0 Exception <a 'java/lang/NoSuchMethodError'{0x00000000d5a47948}: 'void java.lang.invoke.DirectMethodHandle$Holder.invokeSpecial(java.lang.Object, java.lang.Object, java.lang.Object)'> (0x00000000d5a47948) 
thrown [s\src\hotspot\share\interpreter\linkResolver.cpp, line 773]
Event: 18.047 Thread 0x00000223d21cced0 Exception <a 'java/lang/NoSuchMethodError'{0x00000000d643a7d0}: 'int java.lang.invoke.DirectMethodHandle$Holder.invokeVirtual(java.lang.Object, java.lang.Object)'> (0x00000000d643a7d0) 
thrown [s\src\hotspot\share\interpreter\linkResolver.cpp, line 773]
Event: 20.111 Thread 0x00000223d21cced0 Exception <a 'java/lang/NoSuchMethodError'{0x00000000d65b1f00}: 'int java.lang.invoke.DirectMethodHandle$Holder.invokeStaticInit(java.lang.Object, java.lang.Object, java.lang.Object, java.lang.Object)'> (0x00000000d65b1f00) 
thrown [s\src\hotspot\share\interpreter\linkResolver.cpp, line 773]
Event: 20.112 Thread 0x00000223d21cced0 Exception <a 'java/lang/IncompatibleClassChangeError'{0x00000000d65ba970}: Found class java.lang.Object, but interface was expected> (0x00000000d65ba970) 
thrown [s\src\hotspot\share\interpreter\linkResolver.cpp, line 840]
Event: 20.112 Thread 0x00000223d21cced0 Exception <a 'java/lang/NoSuchMethodError'{0x00000000d65c0fa0}: 'void java.lang.invoke.DirectMethodHandle$Holder.invokeStaticInit(java.lang.Object, java.lang.Object)'> (0x00000000d65c0fa0) 
thrown [s\src\hotspot\share\interpreter\linkResolver.cpp, line 773]
Event: 20.112 Thread 0x00000223d21cced0 Exception <a 'java/lang/NoSuchMethodError'{0x00000000d65ca1d8}: 'int java.lang.invoke.DirectMethodHandle$Holder.invokeStaticInit(java.lang.Object, java.lang.Object)'> (0x00000000d65ca1d8) 
thrown [s\src\hotspot\share\interpreter\linkResolver.cpp, line 773]
Event: 20.157 Thread 0x00000223d21cced0 Exception <a 'java/lang/NoSuchMethodError'{0x00000000d6813db8}: 'java.lang.Object java.lang.invoke.DirectMethodHandle$Holder.newInvokeSpecial(java.lang.Object, int, java.lang.Object)'> (0x00000000d6813db8) 
thrown [s\src\hotspot\share\interpreter\linkResolver.cpp, line 773]
Event: 20.185 Thread 0x00000223d21cced0 Exception <a 'java/lang/ClassNotFoundException'{0x00000000d6a2c168}: sun/net/www/protocol/plurl/Handler> (0x00000000d6a2c168) 
thrown [s\src\hotspot\share\classfile\systemDictionary.cpp, line 312]
Event: 20.185 Thread 0x00000223d21cced0 Exception <a 'java/lang/ClassNotFoundException'{0x00000000d6a2cfe8}: sun/net/www/protocol/plurl/Handler> (0x00000000d6a2cfe8) 
thrown [s\src\hotspot\share\classfile\systemDictionary.cpp, line 312]

ZGC Phase Switch (0 events):
No events

VM Operations (20 events):
Event: 11.873 Executing VM operation: Cleanup
Event: 11.921 Executing VM operation: Cleanup done
Event: 13.933 Executing VM operation: Cleanup
Event: 13.949 Executing VM operation: Cleanup done
Event: 14.958 Executing VM operation: Cleanup
Event: 17.044 Executing VM operation: Cleanup done
Event: 18.053 Executing VM operation: Cleanup
Event: 18.053 Executing VM operation: Cleanup done
Event: 20.137 Executing VM operation: HandshakeAllThreads (Deoptimize)
Event: 20.137 Executing VM operation: HandshakeAllThreads (Deoptimize) done
Event: 20.137 Executing VM operation: Cleanup
Event: 20.137 Executing VM operation: Cleanup done
Event: 20.150 Executing VM operation: HandshakeAllThreads (Deoptimize)
Event: 20.150 Executing VM operation: HandshakeAllThreads (Deoptimize) done
Event: 20.173 Executing VM operation: HandshakeAllThreads (Deoptimize)
Event: 20.173 Executing VM operation: HandshakeAllThreads (Deoptimize) done
Event: 20.182 Executing VM operation: HandshakeAllThreads (Deoptimize)
Event: 20.182 Executing VM operation: HandshakeAllThreads (Deoptimize) done
Event: 21.181 Executing VM operation: Cleanup
Event: 21.245 Executing VM operation: Cleanup done

Memory protections (0 events):
No events

Nmethod flushes (0 events):
No events

Events (18 events):
Event: 0.459 Thread 0x00000223d21cced0 Thread added: 0x00000223d21cced0
Event: 0.512 Thread 0x00000223d21cced0 Thread added: 0x00000223d44283b0
Event: 0.512 Thread 0x00000223d21cced0 Thread added: 0x00000223d456d630
Event: 0.512 Thread 0x00000223d21cced0 Thread added: 0x00000223d4429f20
Event: 0.513 Thread 0x00000223d21cced0 Thread added: 0x00000223d442acd0
Event: 0.513 Thread 0x00000223d21cced0 Thread added: 0x00000223d442dce0
Event: 0.513 Thread 0x00000223d21cced0 Thread added: 0x00000223d4430740
Event: 0.513 Thread 0x00000223d21cced0 Thread added: 0x00000223d4433980
Event: 0.514 Thread 0x00000223d21cced0 Thread added: 0x00000223ec6e8120
Event: 0.572 Thread 0x00000223d21cced0 Thread added: 0x00000223ec7a9f20
Event: 1.845 Thread 0x00000223ec6e8120 Thread added: 0x00000223ec949e90
Event: 2.934 Thread 0x00000223d21cced0 Thread added: 0x00000223ec9f8e70
Event: 4.021 Thread 0x00000223ec949e90 Thread exited: 0x00000223ec949e90
Event: 5.105 Thread 0x00000223ec6e8120 Thread added: 0x00000223ec94ca80
Event: 8.292 Thread 0x00000223ec6e8120 Thread added: 0x00000223ecade340
Event: 9.734 Thread 0x00000223ecade340 Thread exited: 0x00000223ecade340
Event: 9.817 Thread 0x00000223ec6e8120 Thread added: 0x00000223f15a5be0
Event: 20.121 Thread 0x00000223d21cced0 Thread added: 0x00000223f19fa6c0


Dynamic libraries:
0x00007ff615830000 - 0x00007ff61583e000 	c:\Users\selva\.vscode\extensions\redhat.java-1.46.0-win32-x64\jre\21.0.8-win32-x86_64\bin\java.exe
0x00007ffb6e9e0000 - 0x00007ffb6ec48000 	C:\WINDOWS\SYSTEM32\ntdll.dll
0x00007ffb6c800000 - 0x00007ffb6c8c9000 	C:\WINDOWS\System32\KERNEL32.DLL
0x00007ffb6c300000 - 0x00007ffb6c6f2000 	C:\WINDOWS\System32\KERNELBASE.dll
0x00007ffb6c1b0000 - 0x00007ffb6c2fb000 	C:\WINDOWS\System32\ucrtbase.dll
0x00007ffb576f0000 - 0x00007ffb57708000 	c:\Users\selva\.vscode\extensions\redhat.java-1.46.0-win32-x64\jre\21.0.8-win32-x86_64\bin\jli.dll
0x00007ffb572d0000 - 0x00007ffb572ee000 	c:\Users\selva\.vscode\extensions\redhat.java-1.46.0-win32-x64\jre\21.0.8-win32-x86_64\bin\VCRUNTIME140.dll
0x00007ffb6dae0000 - 0x00007ffb6dca5000 	C:\WINDOWS\System32\USER32.dll
0x00007ffb52270000 - 0x00007ffb52503000 	C:\WINDOWS\WinSxS\amd64_microsoft.windows.common-controls_6595b64144ccf1df_6.0.26100.6899_none_3e0efeeae32e88c1\COMCTL32.dll
0x00007ffb6bb70000 - 0x00007ffb6bb97000 	C:\WINDOWS\System32\win32u.dll
0x00007ffb6d3d0000 - 0x00007ffb6d479000 	C:\WINDOWS\System32\msvcrt.dll
0x00007ffb6c7b0000 - 0x00007ffb6c7db000 	C:\WINDOWS\System32\GDI32.dll
0x00007ffb6bfe0000 - 0x00007ffb6c10d000 	C:\WINDOWS\System32\gdi32full.dll
0x00007ffb6c700000 - 0x00007ffb6c7a3000 	C:\WINDOWS\System32\msvcp_win.dll
0x00007ffb6e330000 - 0x00007ffb6e35f000 	C:\WINDOWS\System32\IMM32.DLL
0x00007ffb5bed0000 - 0x00007ffb5bedc000 	c:\Users\selva\.vscode\extensions\redhat.java-1.46.0-win32-x64\jre\21.0.8-win32-x86_64\bin\vcruntime140_1.dll
0x00007ffb309a0000 - 0x00007ffb30a2d000 	c:\Users\selva\.vscode\extensions\redhat.java-1.46.0-win32-x64\jre\21.0.8-win32-x86_64\bin\msvcp140.dll
0x00007ffaecc60000 - 0x00007ffaed9f7000 	c:\Users\selva\.vscode\extensions\redhat.java-1.46.0-win32-x64\jre\21.0.8-win32-x86_64\bin\server\jvm.dll
0x00007ffb6e270000 - 0x00007ffb6e324000 	C:\WINDOWS\System32\ADVAPI32.dll
0x00007ffb6d8e0000 - 0x00007ffb6d986000 	C:\WINDOWS\System32\sechost.dll
0x00007ffb6c8d0000 - 0x00007ffb6c9e8000 	C:\WINDOWS\System32\RPCRT4.dll
0x00007ffb6d990000 - 0x00007ffb6da04000 	C:\WINDOWS\System32\WS2_32.dll
0x00007ffb6b9d0000 - 0x00007ffb6ba2e000 	C:\WINDOWS\SYSTEM32\POWRPROF.dll
0x00007ffb635d0000 - 0x00007ffb63605000 	C:\WINDOWS\SYSTEM32\WINMM.dll
0x00007ffb5c260000 - 0x00007ffb5c26b000 	C:\WINDOWS\SYSTEM32\VERSION.dll
0x00007ffb6b9b0000 - 0x00007ffb6b9c4000 	C:\WINDOWS\SYSTEM32\UMPDC.dll
0x00007ffb6a900000 - 0x00007ffb6a91b000 	C:\WINDOWS\SYSTEM32\kernel.appcore.dll
0x00007ffb5bd10000 - 0x00007ffb5bd1a000 	c:\Users\selva\.vscode\extensions\redhat.java-1.46.0-win32-x64\jre\21.0.8-win32-x86_64\bin\jimage.dll
0x00007ffb691d0000 - 0x00007ffb69412000 	C:\WINDOWS\SYSTEM32\DBGHELP.DLL
0x00007ffb6dd10000 - 0x00007ffb6e08b000 	C:\WINDOWS\System32\combase.dll
0x00007ffb6d780000 - 0x00007ffb6d857000 	C:\WINDOWS\System32\OLEAUT32.dll
0x00007ffb55760000 - 0x00007ffb5579c000 	C:\WINDOWS\SYSTEM32\dbgcore.DLL
0x00007ffb6c110000 - 0x00007ffb6c1a8000 	C:\WINDOWS\System32\bcryptPrimitives.dll
0x00007ffb57130000 - 0x00007ffb5713f000 	c:\Users\selva\.vscode\extensions\redhat.java-1.46.0-win32-x64\jre\21.0.8-win32-x86_64\bin\instrument.dll
0x00007ffb566e0000 - 0x00007ffb566ff000 	c:\Users\selva\.vscode\extensions\redhat.java-1.46.0-win32-x64\jre\21.0.8-win32-x86_64\bin\java.dll
0x00007ffb6cc70000 - 0x00007ffb6d3bd000 	C:\WINDOWS\System32\SHELL32.dll
0x00007ffb6bba0000 - 0x00007ffb6bd0b000 	C:\WINDOWS\System32\wintypes.dll
0x00007ffb69780000 - 0x00007ffb69fdd000 	C:\WINDOWS\SYSTEM32\windows.storage.dll
0x00007ffb6cb70000 - 0x00007ffb6cc62000 	C:\WINDOWS\System32\SHCORE.dll
0x00007ffb6da20000 - 0x00007ffb6da82000 	C:\WINDOWS\System32\shlwapi.dll
0x00007ffb6ba90000 - 0x00007ffb6bab9000 	C:\WINDOWS\SYSTEM32\profapi.dll
0x00007ffb56680000 - 0x00007ffb56698000 	c:\Users\selva\.vscode\extensions\redhat.java-1.46.0-win32-x64\jre\21.0.8-win32-x86_64\bin\zip.dll
0x00007ffb568a0000 - 0x00007ffb568b0000 	C:\Users\selva\.vscode\extensions\redhat.java-1.46.0-win32-x64\jre\21.0.8-win32-x86_64\bin\net.dll
0x00007ffb64b90000 - 0x00007ffb64caf000 	C:\WINDOWS\SYSTEM32\WINHTTP.dll
0x00007ffb6ae50000 - 0x00007ffb6aebb000 	C:\WINDOWS\system32\mswsock.dll
0x00007ffb562c0000 - 0x00007ffb562d6000 	C:\Users\selva\.vscode\extensions\redhat.java-1.46.0-win32-x64\jre\21.0.8-win32-x86_64\bin\nio.dll
0x00007ffb56470000 - 0x00007ffb56480000 	c:\Users\selva\.vscode\extensions\redhat.java-1.46.0-win32-x64\jre\21.0.8-win32-x86_64\bin\verify.dll

JVMTI agents:
c:\Users\selva\.vscode\extensions\redhat.java-1.46.0-win32-x64\lombok\lombok-1.18.39-4050.jar path:c:\Users\selva\.vscode\extensions\redhat.java-1.46.0-win32-x64\jre\21.0.8-win32-x86_64\bin\instrument.dll, loaded, initialized, instrumentlib options:none

dbghelp: loaded successfully - version: 4.0.5 - missing functions: none
symbol engine: initialized successfully - sym options: 0x614 - pdb path: .;c:\Users\selva\.vscode\extensions\redhat.java-1.46.0-win32-x64\jre\21.0.8-win32-x86_64\bin;C:\WINDOWS\SYSTEM32;C:\WINDOWS\WinSxS\amd64_microsoft.windows.common-controls_6595b64144ccf1df_6.0.26100.6899_none_3e0efeeae32e88c1;c:\Users\selva\.vscode\extensions\redhat.java-1.46.0-win32-x64\jre\21.0.8-win32-x86_64\bin\server

VM Arguments:
jvm_args: --add-modules=ALL-SYSTEM --add-opens=java.base/java.util=ALL-UNNAMED --add-opens=java.base/java.lang=ALL-UNNAMED --add-opens=java.base/sun.nio.fs=ALL-UNNAMED -Declipse.application=org.eclipse.jdt.ls.core.id1 -Dosgi.bundles.defaultStartLevel=4 -Declipse.product=org.eclipse.jdt.ls.core.product -Djava.import.generatesMetadataFilesAtProjectRoot=false -DDetectVMInstallationsJob.disabled=true -Dfile.encoding=utf8 -XX:+UseParallelGC -XX:GCTimeRatio=4 -XX:AdaptiveSizePolicyWeight=90 -Dsun.zip.disableMemoryMapping=true -Xmx2G -Xms100m -Xlog:disable -javaagent:c:\Users\selva\.vscode\extensions\redhat.java-1.46.0-win32-x64\lombok\lombok-1.18.39-4050.jar -XX:+HeapDumpOnOutOfMemoryError -XX:HeapDumpPath=c:\Users\selva\AppData\Roaming\Code\User\workspaceStorage\a92747001f98d2e4e710d253196d3f3e\redhat.java -Daether.dependencyCollector.impl=bf 
java_command: c:\Users\selva\.vscode\extensions\redhat.java-1.46.0-win32-x64\server\plugins\org.eclipse.equinox.launcher_1.7.0.v20250519-0528.jar -configuration c:\Users\selva\AppData\Roaming\Code\User\globalStorage\redhat.java\1.46.0\config_win -data c:\Users\selva\AppData\Roaming\Code\User\workspaceStorage\a92747001f98d2e4e710d253196d3f3e\redhat.java\jdt_ws --pipe=\\.\pipe\lsp-d6b2749717e77cf50c725835be2c406c-sock
java_class_path (initial): c:\Users\selva\.vscode\extensions\redhat.java-1.46.0-win32-x64\server\plugins\org.eclipse.equinox.launcher_1.7.0.v20250519-0528.jar
Launcher Type: SUN_STANDARD

[Global flags]
    uintx AdaptiveSizePolicyWeight                 = 90                                        {product} {command line}
     intx CICompilerCount                          = 4                                         {product} {ergonomic}
    uintx GCTimeRatio                              = 4                                         {product} {command line}
     bool HeapDumpOnOutOfMemoryError               = true                                   {manageable} {command line}
    ccstr HeapDumpPath                             = c:\Users\selva\AppData\Roaming\Code\User\workspaceStorage\a92747001f98d2e4e710d253196d3f3e\redhat.java         {manageable} {command line}
   size_t InitialHeapSize                          = 104857600                                 {product} {command line}
   size_t MaxHeapSize                              = 2147483648                                {product} {command line}
   size_t MaxNewSize                               = 715653120                                 {product} {ergonomic}
   size_t MinHeapDeltaBytes                        = 524288                                    {product} {ergonomic}
   size_t MinHeapSize                              = 104857600                                 {product} {command line}
   size_t NewSize                                  = 34603008                                  {product} {ergonomic}
    uintx NonNMethodCodeHeapSize                   = 5839372                                {pd product} {ergonomic}
    uintx NonProfiledCodeHeapSize                  = 122909434                              {pd product} {ergonomic}
   size_t OldSize                                  = 70254592                                  {product} {ergonomic}
    uintx ProfiledCodeHeapSize                     = 122909434                              {pd product} {ergonomic}
    uintx ReservedCodeCacheSize                    = 251658240                              {pd product} {ergonomic}
     bool SegmentedCodeCache                       = true                                      {product} {ergonomic}
   size_t SoftMaxHeapSize                          = 2147483648                             {manageable} {ergonomic}
     bool UseCompressedOops                        = true                           {product lp64_product} {ergonomic}
     bool UseLargePagesIndividualAllocation        = false                                  {pd product} {ergonomic}
     bool UseParallelGC                            = true                                      {product} {command line}

Logging:
Log output configuration:
 #0: stdout all=off uptime,level,tags foldmultilines=false
 #1: stderr all=off uptime,level,tags foldmultilines=false

Environment Variables:
JAVA_HOME=C:\Program Files\Zulu\zulu-21\
PATH=C:\Program Files\Zulu\zulu-21\bin\;C:\app\selva\product\21c\dbhomeXE\bin;C:\WINDOWS\system32;C:\WINDOWS;C:\WINDOWS\System32\Wbem;C:\WINDOWS\System32\WindowsPowerShell\v1.0\;C:\WINDOWS\System32\OpenSSH\;C:\Program Files\dotnet\;C:\ProgramData\chocolatey\bin;C:\Users\selva\AppData\Roaming\Microsoft\Windows\Start Menu\Programs\Eclipse\Eclipse IDE for Java Developers - 2023-09.lnk;C:\Program Files (x86)\Microsoft SQL Server\160\Tools\Binn\;C:\Program Files\Microsoft SQL Server\160\Tools\Binn\;C:\Program Files\Microsoft SQL Server\Client SDK\ODBC\170\Tools\Binn\;C:\Program Files\Microsoft SQL Server\160\DTS\Binn\;C:\Program Files\Azure Data Studio\bin;C:\Program Files\Java\jdk-21\bin;C:\Program Files\Git\cmd;C:\Program Files\MySQL\MySQL Server 8.0\bin;C:\Program Files\nodejs\;C:\Program Files\MySQL\MySQL Server 5.7\bin;C:\Program Files\apache-maven-3.9.11\bin;C:\\Users\\selva\\AppData\\Local\\Blackbox\\bin;C:\Users\selva\AppData\Local\Programs\Python\Python313\Scripts\;C:\Users\selva\AppData\Local\Programs\Python\Python313\;C:\Users\selva\AppData\Local\Microsoft\WindowsApps;C:\Program Files\Azure Data Studio\bin;C:\Users\selva\AppData\Local\Programs\Microsoft VS Code\bin;C:\Program Files\MySQL\mysql-8.0.40-winx64\bin;C:\Users\selva\AppData\Roaming\npm;C:\Users\selva\AppData\Local\GitHubDesktop\bin;C:\Program Files\JetBrains\IntelliJ IDEA Community Edition 2025.1.2\bin;;C:\Users\selva\AppData\Local\Microsoft\WinGet\Packages\Gyan.FFmpeg_Microsoft.Winget.Source_8wekyb3d8bbwe\ffmpeg-7.1.1-full_build\bin;
USERNAME=selva
OS=Windows_NT
PROCESSOR_IDENTIFIER=Intel64 Family 6 Model 140 Stepping 1, GenuineIntel
TMP=C:\Users\selva\AppData\Local\Temp
TEMP=C:\Users\selva\AppData\Local\Temp




Periodic native trim disabled

---------------  S Y S T E M  ---------------

OS:
 Windows 11 , 64 bit Build 26100 (10.0.26100.6725)
OS uptime: 0 days 2:04 hours
Hyper-V role detected

CPU: total 8 (initial active 8) (4 cores per cpu, 2 threads per core) family 6 model 140 stepping 1 microcode 0xbc, cx8, cmov, fxsr, ht, mmx, 3dnowpref, sse, sse2, sse3, ssse3, sse4.1, sse4.2, popcnt, lzcnt, tsc, tscinvbit, avx, avx2, aes, erms, clmul, bmi1, bmi2, adx, avx512f, avx512dq, avx512cd, avx512bw, avx512vl, sha, fma, vzeroupper, avx512_vpopcntdq, avx512_vpclmulqdq, avx512_vaes, avx512_vnni, clflush, clflushopt, clwb, avx512_vbmi2, avx512_vbmi, hv, rdtscp, rdpid, fsrm, gfni, avx512_bitalg, f16c, cet_ibt, cet_ss, avx512_ifma
Processor Information for the first 8 processors :
  Max Mhz: 2419, Current Mhz: 2419, Mhz Limit: 2419

Memory: 4k page, system-wide physical 12022M (1190M free)
TotalPageFile size 16118M (AvailPageFile size 3M)
current process WorkingSet (physical memory assigned to process): 93M, peak: 93M
current process commit charge ("private bytes"): 244M, peak: 244M

vm_info: OpenJDK 64-Bit Server VM (21.0.8+9-LTS) for windows-amd64 JRE (21.0.8+9-LTS), built on 2025-07-15T00:00:00Z by "admin" with MS VC++ 17.7 (VS2022)

END.
