#
# There is insufficient memory for the Java Runtime Environment to continue.
# Native memory allocation (malloc) failed to allocate 3298896 bytes. Error detail: Chunk::new
# Possible reasons:
#   The system is out of physical RAM or swap space
#   This process is running with CompressedOops enabled, and the Java Heap may be blocking the growth of the native heap
# Possible solutions:
#   Reduce memory load on the system
#   Increase physical memory or swap space
#   Check if swap backing store is full
#   Decrease Java heap size (-Xmx/-Xms)
#   Decrease number of Java threads
#   Decrease Java thread stack sizes (-Xss)
#   Set larger code cache with -XX:ReservedCodeCacheSize=
#   JVM is running with Zero Based Compressed Oops mode in which the Java heap is
#     placed in the first 32GB address space. The Java Heap base address is the
#     maximum limit for the native heap growth. Please use -XX:HeapBaseMinAddress
#     to set the Java Heap base and to place the Java Heap above 32GB virtual address.
# This output file may be truncated or incomplete.
#
#  Out of Memory Error (arena.cpp:162), pid=7936, tid=5444
#
# JRE version: OpenJDK Runtime Environment (24.0.1+9) (build 24.0.1+9-30)
# Java VM: OpenJDK 64-Bit Server VM (24.0.1+9-30, mixed mode, sharing, tiered, compressed oops, compressed class ptrs, g1 gc, windows-amd64)
# No core dump will be written. Minidumps are not enabled by default on client versions of Windows
#

---------------  S U M M A R Y ------------

Command Line: -javaagent:C:\Program Files\JetBrains\IntelliJ IDEA Community Edition 2025.1.2\lib\idea_rt.jar=61209 -Dfile.encoding=UTF-8 -Dsun.stdout.encoding=UTF-8 -Dsun.stderr.encoding=UTF-8 com.ecommerce.order_service.OrderServiceApplication

Host: 11th Gen Intel(R) Core(TM) i5-1135G7 @ 2.40GHz, 8 cores, 11G,  Windows 11 , 64 bit Build 26100 (10.0.26100.6725)
Time: Fri Oct 17 16:24:06 2025 India Standard Time elapsed time: 51.402425 seconds (0d 0h 0m 51s)

---------------  T H R E A D  ---------------

Current thread (0x00000148a430b200):  JavaThread "C2 CompilerThread0" daemon [_thread_in_native, id=5444, stack(0x000000486ec00000,0x000000486ed00000) (1024K)]


Current CompileTask:
C2:51402 7285       4       java.util.Properties$LineReader::readLine (584 bytes)

Stack: [0x000000486ec00000,0x000000486ed00000]
Native frames: (J=compiled Java code, j=interpreted, Vv=VM code, C=native code)
V  [jvm.dll+0x730739]  (no source info available)
V  [jvm.dll+0x8d9b23]  (no source info available)
V  [jvm.dll+0x8dc00d]  (no source info available)
V  [jvm.dll+0x8dc683]  (no source info available)
V  [jvm.dll+0x2aa086]  (no source info available)
V  [jvm.dll+0xcedef]  (no source info available)
V  [jvm.dll+0xcf04f]  (no source info available)
V  [jvm.dll+0x154d83]  (no source info available)
V  [jvm.dll+0x735f5f]  (no source info available)
V  [jvm.dll+0x26fa1c]  (no source info available)
V  [jvm.dll+0x26ea3f]  (no source info available)
V  [jvm.dll+0x1e9d60]  (no source info available)
V  [jvm.dll+0x27e1fb]  (no source info available)
V  [jvm.dll+0x27c49a]  (no source info available)
V  [jvm.dll+0x42f456]  (no source info available)
V  [jvm.dll+0x87d76b]  (no source info available)
V  [jvm.dll+0x72ee55]  (no source info available)
C  [ucrtbase.dll+0x37b0]  (no source info available)
C  [KERNEL32.DLL+0x2e8d7]  (no source info available)
C  [ntdll.dll+0x8c53c]  (no source info available)

Lock stack of current Java thread (top to bottom):


---------------  P R O C E S S  ---------------

Threads class SMR info:
_java_thread_list=0x00000148ebd1ce50, length=37, elements={
0x00000148a42fd1b0, 0x00000148a42fdaf0, 0x00000148a43028a0, 0x00000148a4303ab0,
0x00000148a43055f0, 0x00000148a4306120, 0x00000148a430b200, 0x00000148a431a3e0,
0x00000148a48152d0, 0x00000148ea360db0, 0x00000148ea3614f0, 0x00000148ebc9d9a0,
0x00000148ebc9ef90, 0x00000148ebc9d250, 0x00000148ebc9bc60, 0x00000148ebc9e840,
0x00000148ee52dbd0, 0x00000148ee52f1c0, 0x00000148ee52f910, 0x00000148ee52c5e0,
0x00000148ee530060, 0x00000148ee52cd30, 0x00000148ee531650, 0x00000148ee533ae0,
0x00000148ee531da0, 0x00000148ee5324f0, 0x00000148ee530f00, 0x00000148ee532c40,
0x00000148ee533390, 0x00000148ee5307b0, 0x00000148ee5a16c0, 0x00000148ee5a0f70,
0x00000148ee5a2560, 0x00000148ee5a00d0, 0x00000148ee5a2cb0, 0x00000148ee5a3400,
0x00000148ee5a3b50
}

Java Threads: ( => current thread )
  0x00000148a42fd1b0 JavaThread "Reference Handler"          daemon [_thread_blocked, id=1152, stack(0x000000486e600000,0x000000486e700000) (1024K)]
  0x00000148a42fdaf0 JavaThread "Finalizer"                  daemon [_thread_blocked, id=9508, stack(0x000000486e700000,0x000000486e800000) (1024K)]
  0x00000148a43028a0 JavaThread "Signal Dispatcher"          daemon [_thread_blocked, id=13668, stack(0x000000486e800000,0x000000486e900000) (1024K)]
  0x00000148a4303ab0 JavaThread "Attach Listener"            daemon [_thread_blocked, id=16400, stack(0x000000486e900000,0x000000486ea00000) (1024K)]
  0x00000148a43055f0 JavaThread "Service Thread"             daemon [_thread_blocked, id=12668, stack(0x000000486ea00000,0x000000486eb00000) (1024K)]
  0x00000148a4306120 JavaThread "Monitor Deflation Thread"   daemon [_thread_blocked, id=7508, stack(0x000000486eb00000,0x000000486ec00000) (1024K)]
=>0x00000148a430b200 JavaThread "C2 CompilerThread0"         daemon [_thread_in_native, id=5444, stack(0x000000486ec00000,0x000000486ed00000) (1024K)]
  0x00000148a431a3e0 JavaThread "C1 CompilerThread0"         daemon [_thread_blocked, id=11072, stack(0x000000486ed00000,0x000000486ee00000) (1024K)]
  0x00000148a48152d0 JavaThread "Common-Cleaner"             daemon [_thread_blocked, id=14880, stack(0x000000486ef00000,0x000000486f000000) (1024K)]
  0x00000148ea360db0 JavaThread "Monitor Ctrl-Break"         daemon [_thread_in_native, id=12424, stack(0x000000486f000000,0x000000486f100000) (1024K)]
  0x00000148ea3614f0 JavaThread "Notification Thread"        daemon [_thread_blocked, id=10280, stack(0x000000486f100000,0x000000486f200000) (1024K)]
  0x00000148ebc9d9a0 JavaThread "Catalina-utility-1"                [_thread_blocked, id=17592, stack(0x000000486fb00000,0x000000486fc00000) (1024K)]
  0x00000148ebc9ef90 JavaThread "Catalina-utility-2"                [_thread_blocked, id=14976, stack(0x000000486fc00000,0x000000486fd00000) (1024K)]
  0x00000148ebc9d250 JavaThread "container-0"                       [_thread_blocked, id=19172, stack(0x000000486fd00000,0x000000486fe00000) (1024K)]
  0x00000148ebc9bc60 JavaThread "mysql-cj-abandoned-connection-cleanup" daemon [_thread_blocked, id=14988, stack(0x000000486fe00000,0x000000486ff00000) (1024K)]
  0x00000148ebc9e840 JavaThread "HikariPool-1:housekeeper"   daemon [_thread_blocked, id=8708, stack(0x0000004870000000,0x0000004870100000) (1024K)]
  0x00000148ee52dbd0 JavaThread "spring.cloud.inetutils"     daemon [_thread_blocked, id=14224, stack(0x0000004870200000,0x0000004870300000) (1024K)]
  0x00000148ee52f1c0 JavaThread "spectator-gauge-polling-0"  daemon [_thread_blocked, id=9784, stack(0x0000004870300000,0x0000004870400000) (1024K)]
  0x00000148ee52f910 JavaThread "AsyncResolver-bootstrap-%d" daemon [_thread_blocked, id=17548, stack(0x0000004870400000,0x0000004870500000) (1024K)]
  0x00000148ee52c5e0 JavaThread "DiscoveryClient-%d"         daemon [_thread_blocked, id=9560, stack(0x000000486f600000,0x000000486f700000) (1024K)]
  0x00000148ee530060 JavaThread "DiscoveryClient-%d"         daemon [_thread_blocked, id=20156, stack(0x0000004870500000,0x0000004870600000) (1024K)]
  0x00000148ee52cd30 JavaThread "DiscoveryClient-InstanceInfoReplicator-%d" daemon [_thread_blocked, id=10156, stack(0x0000004870600000,0x0000004870700000) (1024K)]
  0x00000148ee531650 JavaThread "http-nio-8083-exec-1"       daemon [_thread_in_vm, id=14368, stack(0x0000004870700000,0x0000004870800000) (1024K)]
  0x00000148ee533ae0 JavaThread "http-nio-8083-exec-2"       daemon [_thread_blocked, id=20320, stack(0x0000004870800000,0x0000004870900000) (1024K)]
  0x00000148ee531da0 JavaThread "http-nio-8083-exec-3"       daemon [_thread_blocked, id=17848, stack(0x0000004870900000,0x0000004870a00000) (1024K)]
  0x00000148ee5324f0 JavaThread "http-nio-8083-exec-4"       daemon [_thread_blocked, id=4624, stack(0x0000004870a00000,0x0000004870b00000) (1024K)]
  0x00000148ee530f00 JavaThread "http-nio-8083-exec-5"       daemon [_thread_blocked, id=9764, stack(0x0000004870b00000,0x0000004870c00000) (1024K)]
  0x00000148ee532c40 JavaThread "http-nio-8083-exec-6"       daemon [_thread_blocked, id=8048, stack(0x0000004870c00000,0x0000004870d00000) (1024K)]
  0x00000148ee533390 JavaThread "http-nio-8083-exec-7"       daemon [_thread_blocked, id=8164, stack(0x0000004870d00000,0x0000004870e00000) (1024K)]
  0x00000148ee5307b0 JavaThread "http-nio-8083-exec-8"       daemon [_thread_blocked, id=3216, stack(0x0000004870e00000,0x0000004870f00000) (1024K)]
  0x00000148ee5a16c0 JavaThread "http-nio-8083-exec-9"       daemon [_thread_blocked, id=9040, stack(0x0000004870f00000,0x0000004871000000) (1024K)]
  0x00000148ee5a0f70 JavaThread "http-nio-8083-exec-10"      daemon [_thread_blocked, id=8900, stack(0x0000004871000000,0x0000004871100000) (1024K)]
  0x00000148ee5a2560 JavaThread "http-nio-8083-Poller"       daemon [_thread_in_native, id=4184, stack(0x0000004871100000,0x0000004871200000) (1024K)]
  0x00000148ee5a00d0 JavaThread "http-nio-8083-Acceptor"     daemon [_thread_in_native, id=19252, stack(0x0000004871200000,0x0000004871300000) (1024K)]
  0x00000148ee5a2cb0 JavaThread "DestroyJavaVM"                     [_thread_blocked, id=14912, stack(0x000000486de00000,0x000000486df00000) (1024K)]
  0x00000148ee5a3400 JavaThread "DiscoveryClient-HeartbeatExecutor-%d" daemon [_thread_blocked, id=15464, stack(0x0000004871300000,0x0000004871400000) (1024K)]
  0x00000148ee5a3b50 JavaThread "DiscoveryClient-CacheRefreshExecutor-%d" daemon [_thread_blocked, id=18084, stack(0x0000004871400000,0x0000004871500000) (1024K)]
Total: 37

Other Threads:
  0x00000148a41b3a90 VMThread "VM Thread"                           [id=20128, stack(0x000000486e500000,0x000000486e600000) (1024K)]
  0x00000148a42e3bb0 WatcherThread "VM Periodic Task Thread"        [id=9760, stack(0x000000486e400000,0x000000486e500000) (1024K)]
  0x00000148864a9b70 WorkerThread "GC Thread#0"                     [id=1084, stack(0x000000486df00000,0x000000486e000000) (1024K)]
  0x00000148a41b4d00 WorkerThread "GC Thread#1"                     [id=3148, stack(0x000000486f300000,0x000000486f400000) (1024K)]
  0x00000148a41b36e0 WorkerThread "GC Thread#2"                     [id=3988, stack(0x000000486f400000,0x000000486f500000) (1024K)]
  0x00000148a41b3330 WorkerThread "GC Thread#3"                     [id=8604, stack(0x000000486f500000,0x000000486f600000) (1024K)]
  0x00000148eae6f8b0 WorkerThread "GC Thread#4"                     [id=16672, stack(0x000000486f200000,0x000000486f300000) (1024K)]
  0x00000148eae6d020 WorkerThread "GC Thread#5"                     [id=9204, stack(0x000000486f700000,0x000000486f800000) (1024K)]
  0x00000148eae6db30 WorkerThread "GC Thread#6"                     [id=19040, stack(0x000000486f800000,0x000000486f900000) (1024K)]
  0x00000148eae6c160 WorkerThread "GC Thread#7"                     [id=18780, stack(0x000000486f900000,0x000000486fa00000) (1024K)]
  0x00000148864b9590 ConcurrentGCThread "G1 Main Marker"            [id=14776, stack(0x000000486e000000,0x000000486e100000) (1024K)]
  0x00000148864bbd90 WorkerThread "G1 Conc#0"                       [id=19036, stack(0x000000486e100000,0x000000486e200000) (1024K)]
  0x00000148eae6e9f0 WorkerThread "G1 Conc#1"                       [id=3488, stack(0x000000486fa00000,0x000000486fb00000) (1024K)]
  0x00000148864fe9e0 ConcurrentGCThread "G1 Refine#0"               [id=2856, stack(0x000000486e200000,0x000000486e300000) (1024K)]
  0x00000148a41a65e0 ConcurrentGCThread "G1 Service"                [id=10576, stack(0x000000486e300000,0x000000486e400000) (1024K)]
Total: 15

Threads with active compile tasks:
C2 CompilerThread0  51475 7285       4       java.util.Properties$LineReader::readLine (584 bytes)
Total: 1

VM state: not at safepoint (normal execution)

VM Mutex/Monitor currently owned by a thread: None

Heap address: 0x0000000744200000, size: 3006 MB, Compressed Oops mode: Zero based, Oop shift amount: 3

CDS archive(s) mapped at: [0x00000148a5000000-0x00000148a5d40000-0x00000148a5d40000), size 13893632, SharedBaseAddress: 0x00000148a5000000, ArchiveRelocationMode: 1.
Compressed class space mapped at: 0x00000148a6000000-0x00000148e6000000, reserved size: 1073741824
UseCompressedClassPointers 1, UseCompactObjectHeaders 0
Narrow klass pointer bits 32, Max shift 3
Narrow klass base: 0x00000148a5000000, Narrow klass shift: 0
Encoding Range: [0x00000148a5000000 - 0x00000149a5000000), (4294967296 bytes)
Klass Range:    [0x00000148a5000000 - 0x00000148e6000000), (1090519040 bytes)
Klass ID Range:  [8 - 1090519033) (1090519025)

GC Precious Log:
 CardTable entry size: 512
 Card Set container configuration: InlinePtr #cards 4 size 8 Array Of Cards #cards 16 size 48 Howl #buckets 8 coarsen threshold 3686 Howl Bitmap #cards 512 size 80 coarsen threshold 460 Card regions per heap region 1 cards per card region 4096
 CPUs: 8 total, 8 available
 Memory: 12022M
 Large Page Support: Disabled
 NUMA Support: Disabled
 Compressed Oops: Enabled (Zero based)
 Heap Region Size: 2M
 Heap Min Capacity: 8M
 Heap Initial Capacity: 188M
 Heap Max Capacity: 3006M
 Pre-touch: Disabled
 Parallel Workers: 8
 Concurrent Workers: 2
 Concurrent Refinement Workers: 8
 Periodic GC: Disabled

Heap:
 garbage-first heap   total reserved 3078144K, committed 88064K, used 66712K [0x0000000744200000, 0x0000000800000000)
  region size 2048K, 18 young (36864K), 3 survivors (6144K)
 Metaspace       used 78672K, committed 79360K, reserved 1179648K
  class space    used 8462K, committed 8768K, reserved 1048576K

Heap Regions: E=young(eden), S=young(survivor), O=old, HS=humongous(starts), HC=humongous(continues), CS=collection set, F=free, TAMS=top-at-mark-start, PB=parsable bottom
|   0|0x0000000744200000, 0x0000000744400000, 0x0000000744400000|100%| O|  |TAMS 0x0000000744200000| PB 0x0000000744200000| Untracked |  0
|   1|0x0000000744400000, 0x0000000744600000, 0x0000000744600000|100%| O|  |TAMS 0x0000000744400000| PB 0x0000000744400000| Untracked |  0
|   2|0x0000000744600000, 0x0000000744800000, 0x0000000744800000|100%| O|  |TAMS 0x0000000744600000| PB 0x0000000744600000| Untracked |  0
|   3|0x0000000744800000, 0x0000000744a00000, 0x0000000744a00000|100%| O|  |TAMS 0x0000000744800000| PB 0x0000000744800000| Untracked |  0
|   4|0x0000000744a00000, 0x0000000744c00000, 0x0000000744c00000|100%| O|  |TAMS 0x0000000744a00000| PB 0x0000000744a00000| Untracked |  0
|   5|0x0000000744c00000, 0x0000000744e00000, 0x0000000744e00000|100%| O|  |TAMS 0x0000000744c00000| PB 0x0000000744c00000| Untracked |  0
|   6|0x0000000744e00000, 0x0000000745000000, 0x0000000745000000|100%| O|  |TAMS 0x0000000744e00000| PB 0x0000000744e00000| Untracked |  0
|   7|0x0000000745000000, 0x0000000745200000, 0x0000000745200000|100%| O|  |TAMS 0x0000000745000000| PB 0x0000000745000000| Untracked |  0
|   8|0x0000000745200000, 0x0000000745400000, 0x0000000745400000|100%| O|  |TAMS 0x0000000745200000| PB 0x0000000745200000| Untracked |  0
|   9|0x0000000745400000, 0x0000000745600000, 0x0000000745600000|100%| O|  |TAMS 0x0000000745400000| PB 0x0000000745400000| Untracked |  0
|  10|0x0000000745600000, 0x0000000745800000, 0x0000000745800000|100%| O|  |TAMS 0x0000000745600000| PB 0x0000000745600000| Untracked |  0
|  11|0x0000000745800000, 0x0000000745800000, 0x0000000745a00000|  0%| F|  |TAMS 0x0000000745800000| PB 0x0000000745800000| Untracked |  0
|  12|0x0000000745a00000, 0x0000000745c00000, 0x0000000745c00000|100%| O|  |TAMS 0x0000000745a00000| PB 0x0000000745a00000| Untracked |  0
|  13|0x0000000745c00000, 0x0000000745e00000, 0x0000000745e00000|100%| O|  |TAMS 0x0000000745c00000| PB 0x0000000745c00000| Untracked |  0
|  14|0x0000000745e00000, 0x0000000746000000, 0x0000000746000000|100%| O|  |TAMS 0x0000000745e00000| PB 0x0000000745e00000| Untracked |  0
|  15|0x0000000746000000, 0x0000000746200000, 0x0000000746200000|100%| O|  |TAMS 0x0000000746000000| PB 0x0000000746000000| Untracked |  0
|  16|0x0000000746200000, 0x0000000746400000, 0x0000000746400000|100%| O|  |TAMS 0x0000000746200000| PB 0x0000000746200000| Untracked |  0
|  17|0x0000000746400000, 0x0000000746600000, 0x0000000746600000|100%| O|  |TAMS 0x0000000746400000| PB 0x0000000746400000| Untracked |  0
|  18|0x0000000746600000, 0x0000000746600000, 0x0000000746800000|  0%| F|  |TAMS 0x0000000746600000| PB 0x0000000746600000| Untracked |  0
|  19|0x0000000746800000, 0x0000000746800000, 0x0000000746a00000|  0%| F|  |TAMS 0x0000000746800000| PB 0x0000000746800000| Untracked |  0
|  20|0x0000000746a00000, 0x0000000746a00000, 0x0000000746c00000|  0%| F|  |TAMS 0x0000000746a00000| PB 0x0000000746a00000| Untracked |  0
|  21|0x0000000746c00000, 0x0000000746cdd540, 0x0000000746e00000| 43%| S|CS|TAMS 0x0000000746c00000| PB 0x0000000746c00000| Complete |  0
|  22|0x0000000746e00000, 0x0000000747000000, 0x0000000747000000|100%| S|CS|TAMS 0x0000000746e00000| PB 0x0000000746e00000| Complete |  0
|  23|0x0000000747000000, 0x0000000747200000, 0x0000000747200000|100%| S|CS|TAMS 0x0000000747000000| PB 0x0000000747000000| Complete |  0
|  24|0x0000000747200000, 0x0000000747200000, 0x0000000747400000|  0%| F|  |TAMS 0x0000000747200000| PB 0x0000000747200000| Untracked |  0
|  25|0x0000000747400000, 0x0000000747400000, 0x0000000747600000|  0%| F|  |TAMS 0x0000000747400000| PB 0x0000000747400000| Untracked |  0
|  26|0x0000000747600000, 0x0000000747600000, 0x0000000747800000|  0%| F|  |TAMS 0x0000000747600000| PB 0x0000000747600000| Untracked |  0
|  27|0x0000000747800000, 0x00000007479045c0, 0x0000000747a00000| 50%| E|  |TAMS 0x0000000747800000| PB 0x0000000747800000| Complete |  0
|  28|0x0000000747a00000, 0x0000000747c00000, 0x0000000747c00000|100%| E|  |TAMS 0x0000000747a00000| PB 0x0000000747a00000| Complete |  0
|  29|0x0000000747c00000, 0x0000000747e00000, 0x0000000747e00000|100%| E|CS|TAMS 0x0000000747c00000| PB 0x0000000747c00000| Complete |  0
|  30|0x0000000747e00000, 0x0000000748000000, 0x0000000748000000|100%| E|CS|TAMS 0x0000000747e00000| PB 0x0000000747e00000| Complete |  0
|  31|0x0000000748000000, 0x0000000748200000, 0x0000000748200000|100%| E|CS|TAMS 0x0000000748000000| PB 0x0000000748000000| Complete |  0
|  32|0x0000000748200000, 0x0000000748400000, 0x0000000748400000|100%| E|CS|TAMS 0x0000000748200000| PB 0x0000000748200000| Complete |  0
|  33|0x0000000748400000, 0x0000000748600000, 0x0000000748600000|100%| E|CS|TAMS 0x0000000748400000| PB 0x0000000748400000| Complete |  0
|  34|0x0000000748600000, 0x0000000748800000, 0x0000000748800000|100%| E|CS|TAMS 0x0000000748600000| PB 0x0000000748600000| Complete |  0
|  35|0x0000000748800000, 0x0000000748a00000, 0x0000000748a00000|100%| E|CS|TAMS 0x0000000748800000| PB 0x0000000748800000| Complete |  0
|  36|0x0000000748a00000, 0x0000000748c00000, 0x0000000748c00000|100%| E|CS|TAMS 0x0000000748a00000| PB 0x0000000748a00000| Complete |  0
|  63|0x000000074c000000, 0x000000074c200000, 0x000000074c200000|100%| E|CS|TAMS 0x000000074c000000| PB 0x000000074c000000| Complete |  0
|  64|0x000000074c200000, 0x000000074c400000, 0x000000074c400000|100%| E|CS|TAMS 0x000000074c200000| PB 0x000000074c200000| Complete |  0
|  65|0x000000074c400000, 0x000000074c600000, 0x000000074c600000|100%| E|CS|TAMS 0x000000074c400000| PB 0x000000074c400000| Complete |  0
|  93|0x000000074fc00000, 0x000000074fe00000, 0x000000074fe00000|100%| E|CS|TAMS 0x000000074fc00000| PB 0x000000074fc00000| Complete |  0
|1501|0x00000007ffc00000, 0x00000007ffc48c00, 0x00000007ffe00000| 14%| O|  |TAMS 0x00000007ffc00000| PB 0x00000007ffc00000| Untracked |  0
|1502|0x00000007ffe00000, 0x0000000800000000, 0x0000000800000000|100%| E|CS|TAMS 0x00000007ffe00000| PB 0x00000007ffe00000| Complete |  0

Card table byte_map: [0x000001489e700000,0x000001489ece0000] _byte_map_base: 0x000001489acdf000

Marking Bits: (CMBitMap*) 0x00000148864aa190
 Bits: [0x000001489ece0000, 0x00000148a1bd8000)

Polling page: 0x0000014885a50000

Metaspace:

Usage:
  Non-class:     68.57 MB used.
      Class:      8.26 MB used.
       Both:     76.84 MB used.

Virtual space:
  Non-class space:      128.00 MB reserved,      68.94 MB ( 54%) committed,  2 nodes.
      Class space:        1.00 GB reserved,       8.56 MB ( <1%) committed,  1 nodes.
             Both:        1.12 GB reserved,      77.50 MB (  7%) committed. 

Chunk freelists:
   Non-Class:  10.83 MB
       Class:  7.39 MB
        Both:  18.22 MB

MaxMetaspaceSize: unlimited
CompressedClassSpaceSize: 1.00 GB
Initial GC threshold: 21.00 MB
Current GC threshold: 99.06 MB
CDS: on
 - commit_granule_bytes: 65536.
 - commit_granule_words: 8192.
 - virtual_space_node_default_size: 8388608.
 - enlarge_chunks_in_place: 1.
UseCompressedClassPointers 1, UseCompactObjectHeaders 0
Narrow klass pointer bits 32, Max shift 3
Narrow klass base: 0x00000148a5000000, Narrow klass shift: 0
Encoding Range: [0x00000148a5000000 - 0x00000149a5000000), (4294967296 bytes)
Klass Range:    [0x00000148a5000000 - 0x00000148e6000000), (1090519040 bytes)
Klass ID Range:  [8 - 1090519033) (1090519025)


Internal statistics:

num_allocs_failed_limit: 12.
num_arena_births: 874.
num_arena_deaths: 0.
num_vsnodes_births: 3.
num_vsnodes_deaths: 0.
num_space_committed: 1240.
num_space_uncommitted: 0.
num_chunks_returned_to_freelist: 12.
num_chunks_taken_from_freelist: 3505.
num_chunk_merges: 12.
num_chunk_splits: 2609.
num_chunks_enlarged: 2149.
num_inconsistent_stats: 0.

CodeHeap 'non-profiled nmethods': size=120064Kb used=3750Kb max_used=3750Kb free=116313Kb
 bounds [0x00000148967a0000, 0x0000014896b50000, 0x000001489dce0000]
CodeHeap 'profiled nmethods': size=120000Kb used=10778Kb max_used=10778Kb free=109221Kb
 bounds [0x000001488ece0000, 0x000001488f770000, 0x0000014896210000]
CodeHeap 'non-nmethods': size=5696Kb used=1816Kb max_used=1894Kb free=3879Kb
 bounds [0x0000014896210000, 0x0000014896480000, 0x00000148967a0000]
CodeCache: size=245760Kb, used=16344Kb, max_used=16422Kb, free=229413Kb
 total_blobs=7239, nmethods=6460, adapters=683, full_count=0
Compilation: enabled, stopped_count=0, restarted_count=0

Compilation events (20 events):
Event: 50.284 Thread 0x00000148a431a3e0 nmethod 7280 0x000001488f762308 code [0x000001488f762420, 0x000001488f762568]
Event: 50.285 Thread 0x00000148a430b200 nmethod 7275 0x0000014896b46808 code [0x0000014896b46980, 0x0000014896b47578]
Event: 50.285 Thread 0x00000148a430b200 7276 %     4       java.util.Properties$LineReader::readLine @ 293 (584 bytes)
Event: 50.311 Thread 0x00000148a430b200 nmethod 7276% 0x0000014896b47688 code [0x0000014896b478c0, 0x0000014896b48f98]
Event: 50.311 Thread 0x00000148a430b200 7281       4       java.lang.String::contains (19 bytes)
Event: 50.313 Thread 0x00000148a430b200 nmethod 7281 0x0000014896b49008 code [0x0000014896b49120, 0x0000014896b494e8]
Event: 50.353 Thread 0x00000148a430b200 7282       4       java.lang.invoke.MemberName::changeReferenceKind (46 bytes)
Event: 50.353 Thread 0x00000148a430b200 nmethod 7282 0x0000014896b49588 code [0x0000014896b49680, 0x0000014896b49700]
Event: 50.360 Thread 0x00000148a431a3e0 7283       3       java.util.concurrent.ConcurrentLinkedQueue::<init> (21 bytes)
Event: 50.360 Thread 0x00000148a431a3e0 nmethod 7283 0x000001488f762608 code [0x000001488f762740, 0x000001488f762b50]
Event: 50.360 Thread 0x00000148a431a3e0 7284       3       java.util.concurrent.ConcurrentLinkedQueue$Node::<init> (5 bytes)
Event: 50.361 Thread 0x00000148a431a3e0 nmethod 7284 0x000001488f762b88 code [0x000001488f762ca0, 0x000001488f762e00]
Event: 50.371 Thread 0x00000148a430b200 7285       4       java.util.Properties$LineReader::readLine (584 bytes)
Event: 50.373 Thread 0x00000148a431a3e0 7287   !   3       jdk.proxy2.$Proxy13::annotation (28 bytes)
Event: 50.373 Thread 0x00000148a431a3e0 nmethod 7287 0x000001488f762e88 code [0x000001488f762fc0, 0x000001488f7633a8]
Event: 50.374 Thread 0x00000148a431a3e0 7288       3       java.util.LinkedHashSet::<init> (28 bytes)
Event: 50.374 Thread 0x00000148a431a3e0 nmethod 7288 0x000001488f763408 code [0x000001488f7635a0, 0x000001488f763a40]
Event: 50.380 Thread 0x00000148a431a3e0 7289       3       org.springframework.core.annotation.AnnotationTypeMapping$MirrorSets::updateFrom (148 bytes)
Event: 50.381 Thread 0x00000148a431a3e0 nmethod 7289 0x000001488f763a88 code [0x000001488f763d80, 0x000001488f765868]
Event: 51.399 Thread 0x00000148a431a3e0 7290       3       java.lang.invoke.BoundMethodHandle$Species_LL::copyWithExtendL (25 bytes)

GC Heap History (20 events):
Event: 1.287 GC heap before
{Heap before GC invocations=0 (full 0):
 garbage-first heap   total reserved 3078144K, committed 194560K, used 48240K [0x0000000744200000, 0x0000000800000000)
  region size 2048K, 24 young (49152K), 0 survivors (0K)
 Metaspace       used 8569K, committed 8832K, reserved 1114112K
  class space    used 782K, committed 896K, reserved 1048576K
}
Event: 1.295 GC heap after
{Heap after GC invocations=1 (full 0):
 garbage-first heap   total reserved 3078144K, committed 194560K, used 15856K [0x0000000744200000, 0x0000000800000000)
  region size 2048K, 3 young (6144K), 3 survivors (6144K)
 Metaspace       used 8569K, committed 8832K, reserved 1114112K
  class space    used 782K, committed 896K, reserved 1048576K
}
Event: 2.345 GC heap before
{Heap before GC invocations=1 (full 0):
 garbage-first heap   total reserved 3078144K, committed 194560K, used 65008K [0x0000000744200000, 0x0000000800000000)
  region size 2048K, 28 young (57344K), 3 survivors (6144K)
 Metaspace       used 21238K, committed 21504K, reserved 1114112K
  class space    used 2044K, committed 2176K, reserved 1048576K
}
Event: 2.355 GC heap after
{Heap after GC invocations=2 (full 0):
 garbage-first heap   total reserved 3078144K, committed 194560K, used 20728K [0x0000000744200000, 0x0000000800000000)
  region size 2048K, 3 young (6144K), 3 survivors (6144K)
 Metaspace       used 21238K, committed 21504K, reserved 1114112K
  class space    used 2044K, committed 2176K, reserved 1048576K
}
Event: 4.231 GC heap before
{Heap before GC invocations=3 (full 0):
 garbage-first heap   total reserved 3078144K, committed 75776K, used 73976K [0x0000000744200000, 0x0000000800000000)
  region size 2048K, 29 young (59392K), 3 survivors (6144K)
 Metaspace       used 28382K, committed 28736K, reserved 1114112K
  class space    used 2917K, committed 3072K, reserved 1048576K
}
Event: 4.242 GC heap after
{Heap after GC invocations=4 (full 0):
 garbage-first heap   total reserved 3078144K, committed 86016K, used 24211K [0x0000000744200000, 0x0000000800000000)
  region size 2048K, 5 young (10240K), 5 survivors (10240K)
 Metaspace       used 28382K, committed 28736K, reserved 1114112K
  class space    used 2917K, committed 3072K, reserved 1048576K
}
Event: 5.024 GC heap before
{Heap before GC invocations=4 (full 0):
 garbage-first heap   total reserved 3078144K, committed 86016K, used 59027K [0x0000000744200000, 0x0000000800000000)
  region size 2048K, 22 young (45056K), 5 survivors (10240K)
 Metaspace       used 33943K, committed 34304K, reserved 1114112K
  class space    used 3575K, committed 3712K, reserved 1048576K
}
Event: 5.036 GC heap after
{Heap after GC invocations=5 (full 0):
 garbage-first heap   total reserved 3078144K, committed 86016K, used 27807K [0x0000000744200000, 0x0000000800000000)
  region size 2048K, 2 young (4096K), 2 survivors (4096K)
 Metaspace       used 33943K, committed 34304K, reserved 1114112K
  class space    used 3575K, committed 3712K, reserved 1048576K
}
Event: 5.300 GC heap before
{Heap before GC invocations=5 (full 0):
 garbage-first heap   total reserved 3078144K, committed 86016K, used 35999K [0x0000000744200000, 0x0000000800000000)
  region size 2048K, 7 young (14336K), 2 survivors (4096K)
 Metaspace       used 35536K, committed 35968K, reserved 1114112K
  class space    used 3769K, committed 3968K, reserved 1048576K
}
Event: 5.303 GC heap after
{Heap after GC invocations=6 (full 0):
 garbage-first heap   total reserved 3078144K, committed 86016K, used 28094K [0x0000000744200000, 0x0000000800000000)
  region size 2048K, 2 young (4096K), 2 survivors (4096K)
 Metaspace       used 35536K, committed 35968K, reserved 1114112K
  class space    used 3769K, committed 3968K, reserved 1048576K
}
Event: 6.499 GC heap before
{Heap before GC invocations=7 (full 0):
 garbage-first heap   total reserved 3078144K, committed 86016K, used 64958K [0x0000000744200000, 0x0000000800000000)
  region size 2048K, 21 young (43008K), 2 survivors (4096K)
 Metaspace       used 49323K, committed 49792K, reserved 1114112K
  class space    used 5226K, committed 5440K, reserved 1048576K
}
Event: 6.504 GC heap after
{Heap after GC invocations=8 (full 0):
 garbage-first heap   total reserved 3078144K, committed 86016K, used 31409K [0x0000000744200000, 0x0000000800000000)
  region size 2048K, 3 young (6144K), 3 survivors (6144K)
 Metaspace       used 49323K, committed 49792K, reserved 1114112K
  class space    used 5226K, committed 5440K, reserved 1048576K
}
Event: 7.325 GC heap before
{Heap before GC invocations=8 (full 0):
 garbage-first heap   total reserved 3078144K, committed 86016K, used 64177K [0x0000000744200000, 0x0000000800000000)
  region size 2048K, 20 young (40960K), 3 survivors (6144K)
 Metaspace       used 59865K, committed 60288K, reserved 1114112K
  class space    used 6332K, committed 6528K, reserved 1048576K
}
Event: 7.330 GC heap after
{Heap after GC invocations=9 (full 0):
 garbage-first heap   total reserved 3078144K, committed 86016K, used 33164K [0x0000000744200000, 0x0000000800000000)
  region size 2048K, 2 young (4096K), 2 survivors (4096K)
 Metaspace       used 59865K, committed 60288K, reserved 1114112K
  class space    used 6332K, committed 6528K, reserved 1048576K
}
Event: 7.355 GC heap before
{Heap before GC invocations=9 (full 0):
 garbage-first heap   total reserved 3078144K, committed 86016K, used 33164K [0x0000000744200000, 0x0000000800000000)
  region size 2048K, 3 young (6144K), 2 survivors (4096K)
 Metaspace       used 60189K, committed 60608K, reserved 1114112K
  class space    used 6372K, committed 6528K, reserved 1048576K
}
Event: 7.358 GC heap after
{Heap after GC invocations=10 (full 0):
 garbage-first heap   total reserved 3078144K, committed 86016K, used 32929K [0x0000000744200000, 0x0000000800000000)
  region size 2048K, 2 young (4096K), 2 survivors (4096K)
 Metaspace       used 60189K, committed 60608K, reserved 1114112K
  class space    used 6372K, committed 6528K, reserved 1048576K
}
Event: 8.108 GC heap before
{Heap before GC invocations=11 (full 0):
 garbage-first heap   total reserved 3078144K, committed 86016K, used 71841K [0x0000000744200000, 0x0000000800000000)
  region size 2048K, 21 young (43008K), 2 survivors (4096K)
 Metaspace       used 66150K, committed 66624K, reserved 1114112K
  class space    used 7091K, committed 7296K, reserved 1048576K
}
Event: 8.112 GC heap after
{Heap after GC invocations=12 (full 0):
 garbage-first heap   total reserved 3078144K, committed 86016K, used 36408K [0x0000000744200000, 0x0000000800000000)
  region size 2048K, 3 young (6144K), 3 survivors (6144K)
 Metaspace       used 66150K, committed 66624K, reserved 1114112K
  class space    used 7091K, committed 7296K, reserved 1048576K
}
Event: 8.816 GC heap before
{Heap before GC invocations=12 (full 0):
 garbage-first heap   total reserved 3078144K, committed 86016K, used 73272K [0x0000000744200000, 0x0000000800000000)
  region size 2048K, 21 young (43008K), 3 survivors (6144K)
 Metaspace       used 71588K, committed 72192K, reserved 1114112K
  class space    used 7691K, committed 7936K, reserved 1048576K
}
Event: 8.823 GC heap after
{Heap after GC invocations=13 (full 0):
 garbage-first heap   total reserved 3078144K, committed 88064K, used 40088K [0x0000000744200000, 0x0000000800000000)
  region size 2048K, 3 young (6144K), 3 survivors (6144K)
 Metaspace       used 71588K, committed 72192K, reserved 1114112K
  class space    used 7691K, committed 7936K, reserved 1048576K
}

Dll operation events (13 events):
Event: 0.010 Loaded shared library C:\Users\selva\.jdks\openjdk-24.0.1\bin\java.dll
Event: 0.046 Loaded shared library C:\Users\selva\.jdks\openjdk-24.0.1\bin\jsvml.dll
Event: 0.186 Loaded shared library C:\Users\selva\.jdks\openjdk-24.0.1\bin\zip.dll
Event: 0.189 Loaded shared library C:\Users\selva\.jdks\openjdk-24.0.1\bin\instrument.dll
Event: 0.194 Loaded shared library C:\Users\selva\.jdks\openjdk-24.0.1\bin\net.dll
Event: 0.195 Loaded shared library C:\Users\selva\.jdks\openjdk-24.0.1\bin\nio.dll
Event: 0.198 Loaded shared library C:\Users\selva\.jdks\openjdk-24.0.1\bin\zip.dll
Event: 0.348 Loaded shared library C:\Users\selva\.jdks\openjdk-24.0.1\bin\extnet.dll
Event: 0.389 Loaded shared library C:\Users\selva\.jdks\openjdk-24.0.1\bin\jimage.dll
Event: 2.187 Loaded shared library C:\Users\selva\.jdks\openjdk-24.0.1\bin\sunmscapi.dll
Event: 4.855 Loaded shared library C:\Users\selva\.jdks\openjdk-24.0.1\bin\management.dll
Event: 4.857 Loaded shared library C:\Users\selva\.jdks\openjdk-24.0.1\bin\management_ext.dll
Event: 5.667 Loaded shared library C:\Users\selva\.jdks\openjdk-24.0.1\bin\verify.dll

Deoptimization events (20 events):
Event: 9.106 Thread 0x00000148ee52cd30 Uncommon trap: trap_request=0xffffffd6 fr.pc=0x0000014896b36f58 relative=0x0000000000000658
Event: 9.106 Thread 0x00000148ee52cd30 Uncommon trap: reason=array_check action=maybe_recompile pc=0x0000014896b36f58 method=jdk.internal.classfile.impl.DirectClassBuilder.withMethod(Ljdk/internal/classfile/impl/Util$Writable;)Ljava/lang/classfile/ClassBuilder; @ 51 c2
Event: 9.106 Thread 0x00000148ee52cd30 DEOPT PACKING pc=0x0000014896b36f58 sp=0x00000048706fd490
Event: 9.106 Thread 0x00000148ee52cd30 DEOPT UNPACKING pc=0x0000014896335502 sp=0x00000048706fd410 mode 2
Event: 39.086 Thread 0x00000148ee5a3b50 Uncommon trap: trap_request=0xffffffde fr.pc=0x000001489689eacc relative=0x00000000000018ac
Event: 39.086 Thread 0x00000148ee5a3b50 Uncommon trap: reason=class_check action=maybe_recompile pc=0x000001489689eacc method=java.util.zip.InflaterInputStream.read([BII)I @ 78 c2
Event: 39.086 Thread 0x00000148ee5a3b50 DEOPT PACKING pc=0x000001489689eacc sp=0x00000048714fe720
Event: 39.086 Thread 0x00000148ee5a3b50 DEOPT UNPACKING pc=0x0000014896335502 sp=0x00000048714fe780 mode 2
Event: 39.087 Thread 0x00000148ee5a3b50 Uncommon trap: trap_request=0xffffffde fr.pc=0x000001489689eacc relative=0x00000000000018ac
Event: 39.087 Thread 0x00000148ee5a3b50 Uncommon trap: reason=class_check action=maybe_recompile pc=0x000001489689eacc method=java.util.zip.InflaterInputStream.read([BII)I @ 78 c2
Event: 39.087 Thread 0x00000148ee5a3b50 DEOPT PACKING pc=0x000001489689eacc sp=0x00000048714fd510
Event: 39.087 Thread 0x00000148ee5a3b50 DEOPT UNPACKING pc=0x0000014896335502 sp=0x00000048714fd570 mode 2
Event: 50.386 Thread 0x00000148ee531650 Uncommon trap: trap_request=0xffffff4d fr.pc=0x00000148968c2c60 relative=0x0000000000000460
Event: 50.386 Thread 0x00000148ee531650 Uncommon trap: reason=unstable_if action=reinterpret pc=0x00000148968c2c60 method=java.util.HashMap.getNode(Ljava/lang/Object;)Ljava/util/HashMap$Node; @ 66 c2
Event: 50.386 Thread 0x00000148ee531650 DEOPT PACKING pc=0x00000148968c2c60 sp=0x00000048707fcfc0
Event: 50.386 Thread 0x00000148ee531650 DEOPT UNPACKING pc=0x0000014896335502 sp=0x00000048707fce70 mode 2
Event: 50.392 Thread 0x00000148ee531650 Uncommon trap: trap_request=0xffffffde fr.pc=0x0000014896973e10 relative=0x0000000000000850
Event: 50.392 Thread 0x00000148ee531650 Uncommon trap: reason=class_check action=maybe_recompile pc=0x0000014896973e10 method=org.springframework.core.annotation.AnnotatedElementUtils.getAnnotationAttributes(Lorg/springframework/core/annotation/MergedAnnotation;ZZ)Lorg/springframework/core/anno
Event: 50.392 Thread 0x00000148ee531650 DEOPT PACKING pc=0x0000014896973e10 sp=0x00000048707fcad0
Event: 50.392 Thread 0x00000148ee531650 DEOPT UNPACKING pc=0x0000014896335502 sp=0x00000048707fc900 mode 2

Classes loaded (20 events):
Event: 50.201 Loading class java/util/concurrent/Semaphore
Event: 50.201 Loading class java/util/concurrent/Semaphore done
Event: 50.201 Loading class java/util/concurrent/Semaphore$NonfairSync
Event: 50.202 Loading class java/util/concurrent/Semaphore$Sync
Event: 50.202 Loading class java/util/concurrent/Semaphore$Sync done
Event: 50.202 Loading class java/util/concurrent/Semaphore$NonfairSync done
Event: 50.202 Loading class sun/nio/ch/SocketAdaptor
Event: 50.202 Loading class sun/nio/ch/SocketAdaptor done
Event: 50.202 Loading class sun/nio/ch/SocketChannelImpl$DefaultOptionsHolder
Event: 50.202 Loading class sun/nio/ch/SocketChannelImpl$DefaultOptionsHolder done
Event: 50.203 Loading class sun/nio/ch/SelectionKeyImpl
Event: 50.204 Loading class java/nio/channels/spi/AbstractSelectionKey
Event: 50.204 Loading class java/nio/channels/SelectionKey
Event: 50.204 Loading class java/nio/channels/SelectionKey done
Event: 50.204 Loading class java/nio/channels/spi/AbstractSelectionKey done
Event: 50.204 Loading class sun/nio/ch/SelectionKeyImpl done
Event: 50.204 Loading class java/lang/invoke/ConstantBootstraps
Event: 50.204 Loading class java/lang/invoke/ConstantBootstraps done
Event: 50.276 Loading class java/security/SecurityPermission
Event: 50.276 Loading class java/security/SecurityPermission done

Classes unloaded (0 events):
No events

Classes redefined (0 events):
No events

Internal exceptions (20 events):
Event: 8.785 Thread 0x0000014886453730 Exception <a 'java/lang/NoSuchMethodError'{0x0000000747295ca8}: 'int java.lang.invoke.DirectMethodHandle$Holder.invokeStatic(java.lang.Object, int, int, int, int)'> (0x0000000747295ca8) 
thrown [s\open\src\hotspot\share\interpreter\linkResolver.cpp, line 805]
Event: 8.785 Thread 0x0000014886453730 Exception <a 'java/lang/NoSuchMethodError'{0x00000007472a53d8}: 'java.lang.Object java.lang.invoke.DirectMethodHandle$Holder.newInvokeSpecial(java.lang.Object, int, int, int)'> (0x00000007472a53d8) 
thrown [s\open\src\hotspot\share\interpreter\linkResolver.cpp, line 805]
Event: 8.999 Thread 0x0000014886453730 Exception <a 'java/lang/NoSuchMethodError'{0x000000074c3fdd98}: 'java.lang.Object java.lang.invoke.DirectMethodHandle$Holder.invokeStatic(java.lang.Object, int, java.lang.Object)'> (0x000000074c3fdd98) 
thrown [s\open\src\hotspot\share\interpreter\linkResolver.cpp, line 805]
Event: 9.010 Thread 0x0000014886453730 Exception <a 'java/lang/NoSuchMethodError'{0x000000074c066ac0}: 'java.lang.Object java.lang.invoke.DirectMethodHandle$Holder.invokeStatic(java.lang.Object, int, int)'> (0x000000074c066ac0) 
thrown [s\open\src\hotspot\share\interpreter\linkResolver.cpp, line 805]
Event: 9.036 Thread 0x0000014886453730 Exception <a 'java/lang/NoSuchMethodError'{0x000000074c1ad400}: 'long java.lang.invoke.DirectMethodHandle$Holder.invokeStatic(java.lang.Object, java.lang.Object, int)'> (0x000000074c1ad400) 
thrown [s\open\src\hotspot\share\interpreter\linkResolver.cpp, line 805]
Event: 9.036 Thread 0x0000014886453730 Exception <a 'java/lang/NoSuchMethodError'{0x000000074c1bddc8}: 'long java.lang.invoke.DelegatingMethodHandle$Holder.reinvoke_L(java.lang.Object, java.lang.Object, int)'> (0x000000074c1bddc8) 
thrown [s\open\src\hotspot\share\interpreter\linkResolver.cpp, line 805]
Event: 9.037 Thread 0x0000014886453730 Exception <a 'java/lang/NoSuchMethodError'{0x000000074c1d67c8}: 'java.lang.Object java.lang.invoke.DelegatingMethodHandle$Holder.reinvoke_L(java.lang.Object, int, int, long, java.lang.Object, long, long, long)'> (0x000000074c1d67c8) 
thrown [s\open\src\hotspot\share\interpreter\linkResolver.cpp, line 805]
Event: 9.039 Thread 0x0000014886453730 Exception <a 'java/lang/NoSuchMethodError'{0x0000000748a24640}: 'java.lang.Object java.lang.invoke.DelegatingMethodHandle$Holder.reinvoke_L(java.lang.Object, java.lang.Object, java.lang.Object, java.lang.Object, java.lang.Object, java.lang.Object, java.lang.Object, java.lang.Object, java.lang.Object, java.lang.Object, java.lang.Object, java.lang.Object, java.lang.Object, java.lang.Object, int, java.lang.Object, java.lang.Object, java.lang.Object, java.lang.Object, java.lang.Object, java.lang.Object, java.l
Event: 9.041 Thread 0x0000014886453730 Exception <a 'java/lang/NoSuchMethodError'{0x0000000748a83218}: 'java.lang.Object java.lang.invoke.DirectMethodHandle$Holder.invokeStatic(java.lang.Object, java.lang.Object, java.lang.Object, java.lang.Object, java.lang.Object, java.lang.Object, java.lang.Object, java.lang.Object, java.lang.Object, java.lang.Object, java.lang.Object)'> (0x0000000748a83218) 
thrown [s\open\src\hotspot\share\interpreter\linkResolver.cpp, line 805]
Event: 9.042 Thread 0x0000014886453730 Exception <a 'java/lang/NoSuchMethodError'{0x0000000748aac488}: 'java.lang.Object java.lang.invoke.DirectMethodHandle$Holder.invokeStatic(java.lang.Object, java.lang.Object, java.lang.Object, java.lang.Object, java.lang.Object, java.lang.Object, java.lang.Object, java.lang.Object, java.lang.Object, java.lang.Object, java.lang.Object, java.lang.Object)'> (0x0000000748aac488) 
thrown [s\open\src\hotspot\share\interpreter\linkResolver.cpp, line 805]
Event: 9.043 Thread 0x0000014886453730 Exception <a 'java/lang/NoSuchMethodError'{0x0000000748ad8e18}: 'java.lang.Object java.lang.invoke.DirectMethodHandle$Holder.invokeStatic(java.lang.Object, java.lang.Object, java.lang.Object, java.lang.Object, java.lang.Object, java.lang.Object, java.lang.Object, java.lang.Object, java.lang.Object, java.lang.Object, java.lang.Object, java.lang.Object, java.lang.Object)'> (0x0000000748ad8e18) 
thrown [s\open\src\hotspot\share\interpreter\linkResolver.cpp, line 805]
Event: 9.044 Thread 0x0000014886453730 Exception <a 'java/lang/NoSuchMethodError'{0x0000000748b03f68}: 'java.lang.Object java.lang.invoke.DirectMethodHandle$Holder.invokeStatic(java.lang.Object, java.lang.Object, java.lang.Object, java.lang.Object, java.lang.Object, java.lang.Object, java.lang.Object, java.lang.Object, java.lang.Object, java.lang.Object, java.lang.Object, java.lang.Object, java.lang.Object, java.lang.Object)'> (0x0000000748b03f68) 
thrown [s\open\src\hotspot\share\interpreter\linkResolver.cpp, line 805]
Event: 9.045 Thread 0x0000014886453730 Exception <a 'java/lang/NoSuchMethodError'{0x0000000748b296c8}: 'java.lang.Object java.lang.invoke.DelegatingMethodHandle$Holder.reinvoke_L(java.lang.Object, java.lang.Object, java.lang.Object, java.lang.Object, java.lang.Object, java.lang.Object, java.lang.Object, java.lang.Object, java.lang.Object, java.lang.Object, java.lang.Object, java.lang.Object, java.lang.Object, java.lang.Object, java.lang.Object, java.lang.Object, java.lang.Object, java.lang.Object, java.lang.Object, java.lang.Object, java.lang.O
Event: 9.106 Thread 0x00000148ee52cd30 Exception <a 'java/lang/NoSuchMethodError'{0x00000007482010c8}: 'long java.lang.invoke.DelegatingMethodHandle$Holder.reinvoke_L(java.lang.Object, java.lang.Object)'> (0x00000007482010c8) 
thrown [s\open\src\hotspot\share\interpreter\linkResolver.cpp, line 805]
Event: 50.198 Thread 0x00000148ee5a00d0 Exception <a 'java/lang/NoSuchMethodError'{0x000000074841c410}: 'java.lang.Object java.lang.invoke.DirectMethodHandle$Holder.invokeStatic(java.lang.Object, java.lang.Object, java.lang.Object, int, int)'> (0x000000074841c410) 
thrown [s\open\src\hotspot\share\interpreter\linkResolver.cpp, line 805]
Event: 50.198 Thread 0x00000148ee5a00d0 Exception <a 'java/lang/NoSuchMethodError'{0x0000000748424360}: 'java.lang.Object java.lang.invoke.DirectMethodHandle$Holder.invokeStaticInit(java.lang.Object, java.lang.Object, java.lang.Object, int, int)'> (0x0000000748424360) 
thrown [s\open\src\hotspot\share\interpreter\linkResolver.cpp, line 805]
Event: 50.241 Thread 0x00000148ee531650 Exception <a 'java/lang/NoSuchMethodError'{0x000000074818f610}: 'java.lang.Object java.lang.invoke.DirectMethodHandle$Holder.invokeSpecial(java.lang.Object, java.lang.Object, java.lang.Object, java.lang.Object, java.lang.Object, long)'> (0x000000074818f610) 
thrown [s\open\src\hotspot\share\interpreter\linkResolver.cpp, line 805]
Event: 50.241 Thread 0x00000148ee531650 Exception <a 'java/lang/NoSuchMethodError'{0x00000007481981c8}: 'java.lang.Object java.lang.invoke.DirectMethodHandle$Holder.invokeSpecial(java.lang.Object, java.lang.Object, java.lang.Object, java.lang.Object, java.lang.Object, java.lang.Object, long)'> (0x00000007481981c8) 
thrown [s\open\src\hotspot\share\interpreter\linkResolver.cpp, line 805]
Event: 50.241 Thread 0x00000148ee531650 Exception <a 'java/lang/NoSuchMethodError'{0x00000007481a0530}: 'java.lang.Object java.lang.invoke.DelegatingMethodHandle$Holder.reinvoke_L(java.lang.Object, java.lang.Object, java.lang.Object, java.lang.Object, java.lang.Object, long)'> (0x00000007481a0530) 
thrown [s\open\src\hotspot\share\interpreter\linkResolver.cpp, line 805]
Event: 50.242 Thread 0x00000148ee531650 Exception <a 'java/lang/NoSuchMethodError'{0x00000007481b0830}: 'java.lang.Object java.lang.invoke.Invokers$Holder.linkToTargetMethod(java.lang.Object, java.lang.Object, java.lang.Object, long, java.lang.Object)'> (0x00000007481b0830) 
thrown [s\open\src\hotspot\share\interpreter\linkResolver.cpp, line 805]

VM Operations (20 events):
Event: 8.086 Executing VM operation: HandshakeAllThreads (Deoptimize)
Event: 8.086 Executing VM operation: HandshakeAllThreads (Deoptimize) done
Event: 8.086 Executing VM operation: HandshakeAllThreads (Deoptimize)
Event: 8.086 Executing VM operation: HandshakeAllThreads (Deoptimize) done
Event: 8.108 Executing VM operation: G1CollectForAllocation (G1 Evacuation Pause)
Event: 8.112 Executing VM operation: G1CollectForAllocation (G1 Evacuation Pause) done
Event: 8.128 Executing VM operation: HandshakeAllThreads (Deoptimize)
Event: 8.128 Executing VM operation: HandshakeAllThreads (Deoptimize) done
Event: 8.168 Executing VM operation: HandshakeAllThreads (Deoptimize)
Event: 8.168 Executing VM operation: HandshakeAllThreads (Deoptimize) done
Event: 8.587 Executing VM operation: HandshakeAllThreads (Deoptimize)
Event: 8.587 Executing VM operation: HandshakeAllThreads (Deoptimize) done
Event: 8.816 Executing VM operation: G1CollectForAllocation (G1 Evacuation Pause)
Event: 8.823 Executing VM operation: G1CollectForAllocation (G1 Evacuation Pause) done
Event: 8.873 Executing VM operation: HandshakeAllThreads (Deoptimize)
Event: 8.873 Executing VM operation: HandshakeAllThreads (Deoptimize) done
Event: 9.062 Executing VM operation: HandshakeAllThreads (Deoptimize)
Event: 9.062 Executing VM operation: HandshakeAllThreads (Deoptimize) done
Event: 50.263 Executing VM operation: HandshakeAllThreads (Deoptimize)
Event: 50.264 Executing VM operation: HandshakeAllThreads (Deoptimize) done

Memory protections (0 events):
No events

Nmethod flushes (20 events):
Event: 7.383 Thread 0x00000148a41b3a90 flushing  nmethod 0x000001488f0bfd08
Event: 7.383 Thread 0x00000148a41b3a90 flushing  nmethod 0x000001488f0c0388
Event: 7.383 Thread 0x00000148a41b3a90 flushing  nmethod 0x000001488f109788
Event: 7.383 Thread 0x00000148a41b3a90 flushing  nmethod 0x000001488f152588
Event: 7.383 Thread 0x00000148a41b3a90 flushing  nmethod 0x000001488f19db08
Event: 7.383 Thread 0x00000148a41b3a90 flushing  nmethod 0x000001488f1a0488
Event: 7.383 Thread 0x00000148a41b3a90 flushing  nmethod 0x000001488f21a488
Event: 7.383 Thread 0x00000148a41b3a90 flushing  nmethod 0x000001488f21a788
Event: 7.383 Thread 0x00000148a41b3a90 flushing  nmethod 0x000001488f21c788
Event: 7.383 Thread 0x00000148a41b3a90 flushing  nmethod 0x000001488f270d08
Event: 7.383 Thread 0x00000148a41b3a90 flushing  nmethod 0x000001488f2e3f88
Event: 7.383 Thread 0x00000148a41b3a90 flushing  nmethod 0x000001488f2e5388
Event: 7.383 Thread 0x00000148a41b3a90 flushing  nmethod 0x000001488f2eab08
Event: 7.383 Thread 0x00000148a41b3a90 flushing  nmethod 0x000001488f2f4f88
Event: 7.383 Thread 0x00000148a41b3a90 flushing  nmethod 0x000001488f371f88
Event: 7.383 Thread 0x00000148a41b3a90 flushing  nmethod 0x000001488f373688
Event: 7.383 Thread 0x00000148a41b3a90 flushing  nmethod 0x000001488f3f3588
Event: 7.383 Thread 0x00000148a41b3a90 flushing  nmethod 0x000001488f4b0288
Event: 7.383 Thread 0x00000148a41b3a90 flushing  nmethod 0x000001488f4b1308
Event: 7.383 Thread 0x00000148a41b3a90 flushing  nmethod 0x000001488f4b8888

Events (20 events):
Event: 9.059 Thread 0x0000014886453730 Thread added: 0x00000148ee530060
Event: 9.060 Thread 0x0000014886453730 Thread added: 0x00000148ee52cd30
Event: 9.074 Thread 0x0000014886453730 Thread added: 0x00000148ee531650
Event: 9.074 Thread 0x0000014886453730 Thread added: 0x00000148ee533ae0
Event: 9.074 Thread 0x0000014886453730 Thread added: 0x00000148ee531da0
Event: 9.074 Thread 0x0000014886453730 Thread added: 0x00000148ee5324f0
Event: 9.074 Thread 0x0000014886453730 Thread added: 0x00000148ee530f00
Event: 9.074 Thread 0x0000014886453730 Thread added: 0x00000148ee532c40
Event: 9.074 Thread 0x0000014886453730 Thread added: 0x00000148ee533390
Event: 9.074 Thread 0x0000014886453730 Thread added: 0x00000148ee5307b0
Event: 9.074 Thread 0x0000014886453730 Thread added: 0x00000148ee5a16c0
Event: 9.074 Thread 0x0000014886453730 Thread added: 0x00000148ee5a0f70
Event: 9.086 Thread 0x0000014886453730 Thread added: 0x00000148ee5a2560
Event: 9.087 Thread 0x0000014886453730 Thread added: 0x00000148ee5a00d0
Event: 9.118 Thread 0x0000014886453730 Thread exited: 0x0000014886453730
Event: 9.118 Thread 0x00000148ee5a2cb0 Thread added: 0x00000148ee5a2cb0
Event: 11.986 Thread 0x00000148ebc9c3b0 Thread exited: 0x00000148ebc9c3b0
Event: 14.127 Thread 0x00000148ed423a70 Thread exited: 0x00000148ed423a70
Event: 39.067 Thread 0x00000148ee530060 Thread added: 0x00000148ee5a3400
Event: 39.067 Thread 0x00000148ee52c5e0 Thread added: 0x00000148ee5a3b50


Dynamic libraries:
0x00007ff608c70000 - 0x00007ff608c7e000 	C:\Users\selva\.jdks\openjdk-24.0.1\bin\java.exe
0x00007ffdddc00000 - 0x00007ffddde68000 	C:\WINDOWS\SYSTEM32\ntdll.dll
0x00007ffddd1d0000 - 0x00007ffddd299000 	C:\WINDOWS\System32\KERNEL32.DLL
0x00007ffddafa0000 - 0x00007ffddb392000 	C:\WINDOWS\System32\KERNELBASE.dll
0x00007ffddad90000 - 0x00007ffddaedb000 	C:\WINDOWS\System32\ucrtbase.dll
0x00007ffdc5c20000 - 0x00007ffdc5c3b000 	C:\Users\selva\.jdks\openjdk-24.0.1\bin\VCRUNTIME140.dll
0x00007ffdc5c40000 - 0x00007ffdc5c56000 	C:\Users\selva\.jdks\openjdk-24.0.1\bin\jli.dll
0x00007ffddd9f0000 - 0x00007ffdddbb5000 	C:\WINDOWS\System32\USER32.dll
0x00007ffdc2050000 - 0x00007ffdc22e3000 	C:\WINDOWS\WinSxS\amd64_microsoft.windows.common-controls_6595b64144ccf1df_6.0.26100.6899_none_3e0efeeae32e88c1\COMCTL32.dll
0x00007ffddb3a0000 - 0x00007ffddb3c7000 	C:\WINDOWS\System32\win32u.dll
0x00007ffddc6d0000 - 0x00007ffddc779000 	C:\WINDOWS\System32\msvcrt.dll
0x00007ffddc460000 - 0x00007ffddc48b000 	C:\WINDOWS\System32\GDI32.dll
0x00007ffddb810000 - 0x00007ffddb93d000 	C:\WINDOWS\System32\gdi32full.dll
0x00007ffddb3d0000 - 0x00007ffddb473000 	C:\WINDOWS\System32\msvcp_win.dll
0x00007ffddc680000 - 0x00007ffddc6af000 	C:\WINDOWS\System32\IMM32.DLL
0x00007ffdc6f50000 - 0x00007ffdc6f5c000 	C:\Users\selva\.jdks\openjdk-24.0.1\bin\vcruntime140_1.dll
0x00007ffdc5b90000 - 0x00007ffdc5c1e000 	C:\Users\selva\.jdks\openjdk-24.0.1\bin\msvcp140.dll
0x00007ffd4c5f0000 - 0x00007ffd4d392000 	C:\Users\selva\.jdks\openjdk-24.0.1\bin\server\jvm.dll
0x00007ffddcb30000 - 0x00007ffddcbe4000 	C:\WINDOWS\System32\ADVAPI32.dll
0x00007ffddca80000 - 0x00007ffddcb26000 	C:\WINDOWS\System32\sechost.dll
0x00007ffddc860000 - 0x00007ffddc978000 	C:\WINDOWS\System32\RPCRT4.dll
0x00007ffddbe30000 - 0x00007ffddbea4000 	C:\WINDOWS\System32\WS2_32.dll
0x00007ffddabf0000 - 0x00007ffddac4e000 	C:\WINDOWS\SYSTEM32\POWRPROF.dll
0x00007ffdd1c20000 - 0x00007ffdd1c2b000 	C:\WINDOWS\SYSTEM32\VERSION.dll
0x00007ffdd2530000 - 0x00007ffdd2565000 	C:\WINDOWS\SYSTEM32\WINMM.dll
0x00007ffddabd0000 - 0x00007ffddabe4000 	C:\WINDOWS\SYSTEM32\UMPDC.dll
0x00007ffdd9b20000 - 0x00007ffdd9b3b000 	C:\WINDOWS\SYSTEM32\kernel.appcore.dll
0x00007ffdc6190000 - 0x00007ffdc619a000 	C:\Users\selva\.jdks\openjdk-24.0.1\bin\jimage.dll
0x00007ffdd85a0000 - 0x00007ffdd87e2000 	C:\WINDOWS\SYSTEM32\DBGHELP.DLL
0x00007ffddcd00000 - 0x00007ffddd07b000 	C:\WINDOWS\System32\combase.dll
0x00007ffddc980000 - 0x00007ffddca57000 	C:\WINDOWS\System32\OLEAUT32.dll
0x00007ffdc4480000 - 0x00007ffdc44bc000 	C:\WINDOWS\SYSTEM32\dbgcore.DLL
0x00007ffddb770000 - 0x00007ffddb808000 	C:\WINDOWS\System32\bcryptPrimitives.dll
0x00007ffdc59f0000 - 0x00007ffdc59ff000 	C:\Users\selva\.jdks\openjdk-24.0.1\bin\instrument.dll
0x00007ffdc5b70000 - 0x00007ffdc5b8e000 	C:\Users\selva\.jdks\openjdk-24.0.1\bin\java.dll
0x00007ffddb9d0000 - 0x00007ffddbb68000 	C:\WINDOWS\System32\ole32.dll
0x00007ffddd2a0000 - 0x00007ffddd9ed000 	C:\WINDOWS\System32\SHELL32.dll
0x00007ffddb600000 - 0x00007ffddb76b000 	C:\WINDOWS\System32\wintypes.dll
0x00007ffdd89a0000 - 0x00007ffdd91fd000 	C:\WINDOWS\SYSTEM32\windows.storage.dll
0x00007ffddcbf0000 - 0x00007ffddcce2000 	C:\WINDOWS\System32\SHCORE.dll
0x00007ffddc370000 - 0x00007ffddc3d2000 	C:\WINDOWS\System32\shlwapi.dll
0x00007ffddacb0000 - 0x00007ffddacd9000 	C:\WINDOWS\SYSTEM32\profapi.dll
0x00007ffdc5a90000 - 0x00007ffdc5b67000 	C:\Users\selva\.jdks\openjdk-24.0.1\bin\jsvml.dll
0x00007ffdc5a40000 - 0x00007ffdc5a57000 	C:\Users\selva\.jdks\openjdk-24.0.1\bin\zip.dll
0x00007ffdc5a80000 - 0x00007ffdc5a90000 	C:\Users\selva\.jdks\openjdk-24.0.1\bin\net.dll
0x00007ffdda070000 - 0x00007ffdda0db000 	C:\WINDOWS\system32\mswsock.dll
0x00007ffdc5a60000 - 0x00007ffdc5a76000 	C:\Users\selva\.jdks\openjdk-24.0.1\bin\nio.dll
0x00007ffdc5a20000 - 0x00007ffdc5a29000 	C:\Users\selva\.jdks\openjdk-24.0.1\bin\extnet.dll
0x00007ffdd9570000 - 0x00007ffdd95a4000 	C:\WINDOWS\SYSTEM32\IPHLPAPI.DLL
0x00007ffddc6c0000 - 0x00007ffddc6ca000 	C:\WINDOWS\System32\NSI.dll
0x00007ffdd9610000 - 0x00007ffdd9736000 	C:\WINDOWS\SYSTEM32\DNSAPI.dll
0x00007ffdc9d50000 - 0x00007ffdc9d5b000 	C:\Windows\System32\rasadhlp.dll
0x00007ffdd4d10000 - 0x00007ffdd4d96000 	C:\WINDOWS\System32\fwpuclnt.dll
0x00007ffdc5a30000 - 0x00007ffdc5a3e000 	C:\Users\selva\.jdks\openjdk-24.0.1\bin\sunmscapi.dll
0x00007ffddb480000 - 0x00007ffddb5f7000 	C:\WINDOWS\System32\CRYPT32.dll
0x00007ffdda5a0000 - 0x00007ffdda5d0000 	C:\WINDOWS\SYSTEM32\ncrypt.dll
0x00007ffdda550000 - 0x00007ffdda58f000 	C:\WINDOWS\SYSTEM32\NTASN1.dll
0x00007ffdda450000 - 0x00007ffdda46b000 	C:\WINDOWS\SYSTEM32\CRYPTSP.dll
0x00007ffdd9a80000 - 0x00007ffdd9abb000 	C:\WINDOWS\system32\rsaenh.dll
0x00007ffdda110000 - 0x00007ffdda13b000 	C:\WINDOWS\SYSTEM32\USERENV.dll
0x00007ffddac80000 - 0x00007ffddaca6000 	C:\WINDOWS\SYSTEM32\bcrypt.dll
0x00007ffdda2b0000 - 0x00007ffdda2bc000 	C:\WINDOWS\SYSTEM32\CRYPTBASE.dll
0x00007ffdc5a10000 - 0x00007ffdc5a1a000 	C:\Users\selva\.jdks\openjdk-24.0.1\bin\management.dll
0x00007ffdc5a00000 - 0x00007ffdc5a0b000 	C:\Users\selva\.jdks\openjdk-24.0.1\bin\management_ext.dll
0x00007ffddccf0000 - 0x00007ffddccf8000 	C:\WINDOWS\System32\PSAPI.DLL
0x00007ffdc59e0000 - 0x00007ffdc59f0000 	C:\Users\selva\.jdks\openjdk-24.0.1\bin\verify.dll
0x00007ffdc6d60000 - 0x00007ffdc6d68000 	C:\WINDOWS\system32\wshunix.dll

JVMTI agents:
C:\Program Files\JetBrains\IntelliJ IDEA Community Edition 2025.1.2\lib\idea_rt.jar path:C:\Users\selva\.jdks\openjdk-24.0.1\bin\instrument.dll, loaded, initialized, instrumentlib options:61209

dbghelp: loaded successfully - version: 4.0.5 - missing functions: none
symbol engine: initialized successfully - sym options: 0x614 - pdb path: .;C:\Users\selva\.jdks\openjdk-24.0.1\bin;C:\WINDOWS\SYSTEM32;C:\WINDOWS\WinSxS\amd64_microsoft.windows.common-controls_6595b64144ccf1df_6.0.26100.6899_none_3e0efeeae32e88c1;C:\Users\selva\.jdks\openjdk-24.0.1\bin\server

VM Arguments:
jvm_args: -javaagent:C:\Program Files\JetBrains\IntelliJ IDEA Community Edition 2025.1.2\lib\idea_rt.jar=61209 -Dfile.encoding=UTF-8 -Dsun.stdout.encoding=UTF-8 -Dsun.stderr.encoding=UTF-8 
java_command: com.ecommerce.order_service.OrderServiceApplication
java_class_path (initial): D:\Project\E-Commerce Application\order-service\target\classes;C:\Users\selva\.m2\repository\org\springframework\boot\spring-boot-starter-data-jpa\3.5.6\spring-boot-starter-data-jpa-3.5.6.jar;C:\Users\selva\.m2\repository\org\springframework\boot\spring-boot-starter\3.5.6\spring-boot-starter-3.5.6.jar;C:\Users\selva\.m2\repository\org\springframework\boot\spring-boot\3.5.6\spring-boot-3.5.6.jar;C:\Users\selva\.m2\repository\org\springframework\boot\spring-boot-autoconfigure\3.5.6\spring-boot-autoconfigure-3.5.6.jar;C:\Users\selva\.m2\repository\org\springframework\boot\spring-boot-starter-logging\3.5.6\spring-boot-starter-logging-3.5.6.jar;C:\Users\selva\.m2\repository\ch\qos\logback\logback-classic\1.5.18\logback-classic-1.5.18.jar;C:\Users\selva\.m2\repository\ch\qos\logback\logback-core\1.5.18\logback-core-1.5.18.jar;C:\Users\selva\.m2\repository\org\apache\logging\log4j\log4j-to-slf4j\2.24.3\log4j-to-slf4j-2.24.3.jar;C:\Users\selva\.m2\repository\org\apache\logging\log4j\log4j-api\2.24.3\log4j-api-2.24.3.jar;C:\Users\selva\.m2\repository\org\slf4j\jul-to-slf4j\2.0.17\jul-to-slf4j-2.0.17.jar;C:\Users\selva\.m2\repository\jakarta\annotation\jakarta.annotation-api\2.1.1\jakarta.annotation-api-2.1.1.jar;C:\Users\selva\.m2\repository\org\yaml\snakeyaml\2.4\snakeyaml-2.4.jar;C:\Users\selva\.m2\repository\org\springframework\boot\spring-boot-starter-jdbc\3.5.6\spring-boot-starter-jdbc-3.5.6.jar;C:\Users\selva\.m2\repository\com\zaxxer\HikariCP\6.3.3\HikariCP-6.3.3.jar;C:\Users\selva\.m2\repository\org\springframework\spring-jdbc\6.2.11\spring-jdbc-6.2.11.jar;C:\Users\selva\.m2\repository\org\hibernate\orm\hibernate-core\6.6.29.Final\hibernate-core-6.6.29.Final.jar;C:\Users\selva\.m2\repository\jakarta\persistence\jakarta.persistence-api\3.1.0\jakarta.persistence-api-3.1.0.jar;C:\Users\selva\.m2\repository\jakarta\transaction\jakarta.transaction-api\2.0.1\jakarta.transaction-api-2.0.1.jar;C:\Users\selva\.m2\repository\org\jboss\logging\jboss-logging\3.6.1.Final\jboss-logging-3.6.1.Final.jar;C:\Users\selva\.m2\repository\org\hibernate\common\hibernate-commons-annotations\7.0.3.Final\hibernate-commons-annotations-7.0.3.Final.jar;C:\Users\selva\.m2\repository\io\smallrye\jandex\3.2.0\jandex-3.2.0.jar;C:\Users\selva\.m2\repository\com\fasterxml\classmate\1.7.0\classmate-1.7.0.jar;C:\Users\selva\.m2\repository\net\bytebuddy\byte-buddy\1.17.7\byte-buddy-1.17.7.jar;C:\Users\selva\.m2\repository\org\glassfish\jaxb\jaxb-runtime\4.0.5\jaxb-runtime-4.0.5.jar;C:\Users\selva\.m2\repository\org\glassfish\jaxb\jaxb-core\4.0.5\jaxb-core-4.0.5.jar;C:\Users\selva\.m2\repository\org\eclipse\angus\angus-activation\2.0.2\angus-activation-2.0.2.jar;C:\Users\selva\.m2\repository\org\glassfish\jaxb\txw2\4.0.5\txw2-4.0.5.jar;C:\Users\selva\.m2\repository\com\sun\istack\istack-commons-runtime\4.1.2\istack-commons-runtime-4.1.2.jar;C:\Users\selva\.m2\repository\jakarta\inject\jakarta.inject-api\2.0.1\jakarta.inject-api-2.0.1.jar;C:\Users\selva\.m2\repository\org\antlr\antlr4-runtime\4.13.0\antlr4-runtime-4.13.0.jar;C:\Users\selva\.m2\repository\org\springframework\data\spring-data-jpa\3.5.4\spring-data-jpa-3.5.4.jar;C:\Users\selva\.m2\repository\org\springframework\data\spring-data-commons\3.5.4\spring-data-commons-3.5.4.jar;C:\Users\selva\.m2\repository\org\springframework\spring-orm\6.2.11\spring-orm-6.2.11.jar;C:\Users\selva\.m2\repository\org\springframework\spring-context\6.2.11\spring-context-6.2.11.jar;C:\Users\selva\.m2\repository\org\springframework\spring-aop\6.2.11\spring-aop-6.2.11.jar;C:\Users\selva\.m2\repository\org\springframework\spring-tx\6.2.11\spring-tx-6.2.11.jar;C:\Users\selva\.m2\repository\org\springframework\spring-beans\6.2.11\spring-beans-6.2.11.jar;C:\Users\selva\.m2\repository\org\slf4j\slf4j-api\2.0.17\slf4j-api-2.0.17.jar;C:\Users\selva\.m2\repository\org\springframework\spring-aspects\6.2.11\spring-aspects-6.2.11.jar;C:\Users\selva\.m2\repository\org\aspectj\aspectjweaver\1.9.24\aspectjweaver-1.9.24.jar;C:\Users\selva\.m2\repository\org\springframework\boot\spring-boot-starter-web\3.5.6\spring-boot-starter-web-3.5.6.jar;C:\Users\selva\.m2\repository\org\springframework\boot\spring-boot-starter-json\3.5.6\spring-boot-starter-json-3.5.6.jar;C:\Users\selva\.m2\repository\com\fasterxml\jackson\core\jackson-databind\2.19.2\jackson-databind-2.19.2.jar;C:\Users\selva\.m2\repository\com\fasterxml\jackson\datatype\jackson-datatype-jdk8\2.19.2\jackson-datatype-jdk8-2.19.2.jar;C:\Users\selva\.m2\repository\com\fasterxml\jackson\datatype\jackson-datatype-jsr310\2.19.2\jackson-datatype-jsr310-2.19.2.jar;C:\Users\selva\.m2\repository\com\fasterxml\jackson\module\jackson-module-parameter-names\2.19.2\jackson-module-parameter-names-2.19.2.jar;C:\Users\selva\.m2\repository\org\springframework\boot\spring-boot-starter-tomcat\3.5.6\spring-boot-starter-tomcat-3.5.6.jar;C:\Users\selva\.m2\repository\org\apache\tomcat\embed\tomcat-embed-core\10.1.46\tomcat-embed-core-10.1.46.jar;C:\Users\selva\.m2\repository\org\apache\tomcat\embed\tomcat-embed-el\10.1.46\tomcat-embed-el-10.1.46.jar;C:\Users\selva\.m2\repository\org\apache\tomcat\embed\tomcat-embed-websocket\10.1.46\tomcat-embed-websocket-10.1.46.jar;C:\Users\selva\.m2\repository\org\springframework\spring-web\6.2.11\spring-web-6.2.11.jar;C:\Users\selva\.m2\repository\io\micrometer\micrometer-observation\1.15.4\micrometer-observation-1.15.4.jar;C:\Users\selva\.m2\repository\io\micrometer\micrometer-commons\1.15.4\micrometer-commons-1.15.4.jar;C:\Users\selva\.m2\repository\org\springframework\spring-webmvc\6.2.11\spring-webmvc-6.2.11.jar;C:\Users\selva\.m2\repository\org\springframework\spring-expression\6.2.11\spring-expression-6.2.11.jar;C:\Users\selva\.m2\repository\org\springframework\boot\spring-boot-starter-webflux\3.5.6\spring-boot-starter-webflux-3.5.6.jar;C:\Users\selva\.m2\repository\org\springframework\boot\spring-boot-starter-reactor-netty\3.5.6\spring-boot-starter-reactor-netty-3.5.6.jar;C:\Users\selva\.m2\repository\io\projectreactor\netty\reactor-netty-http\1.2.10\reactor-netty-http-1.2.10.jar;C:\Users\selva\.m2\repository\io\netty\netty-codec-http\4.1.127.Final\netty-codec-http-4.1.127.Final.jar;C:\Users\selva\.m2\repository\io\netty\netty-common\4.1.127.Final\netty-common-4.1.127.Final.jar;C:\Users\selva\.m2\repository\io\netty\netty-buffer\4.1.127.Final\netty-buffer-4.1.127.Final.jar;C:\Users\selva\.m2\repository\io\netty\netty-transport\4.1.127.Final\netty-transport-4.1.127.Final.jar;C:\Users\selva\.m2\repository\io\netty\netty-codec\4.1.127.Final\netty-codec-4.1.127.Final.jar;C:\Users\selva\.m2\repository\io\netty\netty-handler\4.1.127.Final\netty-handler-4.1.127.Final.jar;C:\Users\selva\.m2\repository\io\netty\netty-codec-http2\4.1.127.Final\netty-codec-http2-4.1.127.Final.jar;C:\Users\selva\.m2\repository\io\netty\netty-resolver-dns\4.1.127.Final\netty-resolver-dns-4.1.127.Final.jar;C:\Users\selva\.m2\repository\io\netty\netty-resolver\4.1.127.Final\netty-resolver-4.1.127.Final.jar;C:\Users\selva\.m2\repository\io\netty\netty-codec-dns\4.1.127.Final\netty-codec-dns-4.1.127.Final.jar;C:\Users\selva\.m2\repository\io\netty\netty-resolver-dns-native-macos\4.1.127.Final\netty-resolver-dns-native-macos-4.1.127.Final-osx-x86_64.jar;C:\Users\selva\.m2\repository\io\netty\netty-resolver-dns-classes-macos\4.1.127.Final\netty-resolver-dns-classes-macos-4.1.127.Final.jar;C:\Users\selva\.m2\repository\io\netty\netty-transport-native-epoll\4.1.127.Final\netty-transport-native-epoll-4.1.127.Final-linux-x86_64.jar;C:\Users\selva\.m2\repository\io\netty\netty-transport-native-unix-common\4.1.127.Final\netty-transport-native-unix-common-4.1.127.Final.jar;C:\Users\selva\.m2\repository\io\netty\netty-transport-classes-epoll\4.1.127.Final\netty-transport-classes-epoll-4.1.127.Final.jar;C:\Users\selva\.m2\repository\io\projectreactor\netty\reactor-netty-core\1.2.10\reactor-netty-core-1.2.10.jar;C:\Users\selva\.m2\repository\io\netty\netty-handler-proxy\4.1.127.Final\netty-handler-proxy-4.1.127.Final.jar;C:\Users\selva\.m2\repository\io\netty\netty-codec-socks\4.1.127.Final\netty-codec-socks-4.1.127.Final.jar;C:\Users\selva\.m2\repository\org\springframework\spring-webflux\6.2.11\spring-webflux-6.2.11.jar;C:\Users\selva\.m2\repository\org\springframework\cloud\spring-cloud-starter-netflix-eureka-client\4.3.0\spring-cloud-starter-netflix-eureka-client-4.3.0.jar;C:\Users\selva\.m2\repository\org\springframework\cloud\spring-cloud-starter\4.3.0\spring-cloud-starter-4.3.0.jar;C:\Users\selva\.m2\repository\org\springframework\cloud\spring-cloud-context\4.3.0\spring-cloud-context-4.3.0.jar;C:\Users\selva\.m2\repository\org\springframework\security\spring-security-crypto\6.5.5\spring-security-crypto-6.5.5.jar;C:\Users\selva\.m2\repository\org\springframework\cloud\spring-cloud-commons\4.3.0\spring-cloud-commons-4.3.0.jar;C:\Users\selva\.m2\repository\org\bouncycastle\bcprov-jdk18on\1.80\bcprov-jdk18on-1.80.jar;C:\Users\selva\.m2\repository\org\springframework\cloud\spring-cloud-netflix-eureka-client\4.3.0\spring-cloud-netflix-eureka-client-4.3.0.jar;C:\Users\selva\.m2\repository\org\apache\httpcomponents\client5\httpclient5\5.5\httpclient5-5.5.jar;C:\Users\selva\.m2\repository\org\apache\httpcomponents\core5\httpcore5\5.3.5\httpcore5-5.3.5.jar;C:\Users\selva\.m2\repository\org\apache\httpcomponents\core5\httpcore5-h2\5.3.5\httpcore5-h2-5.3.5.jar;C:\Users\selva\.m2\repository\com\netflix\eureka\eureka-client\2.0.4\eureka-client-2.0.4.jar;C:\Users\selva\.m2\repository\com\thoughtworks\xstream\xstream\1.4.20\xstream-1.4.20.jar;C:\Users\selva\.m2\repository\io\github\x-stream\mxparser\1.2.2\mxparser-1.2.2.jar;C:\Users\selva\.m2\repository\xmlpull\xmlpull\1.1.3.1\xmlpull-1.1.3.1.jar;C:\Users\selva\.m2\repository\jakarta\ws\rs\jakarta.ws.rs-api\3.1.0\jakarta.ws.rs-api-3.1.0.jar;C:\Users\selva\.m2\repository\com\netflix\spectator\spectator-api\1.7.3\spectator-api-1.7.3.jar;C:\Users\selva\.m2\repository\org\apache\httpcomponents\httpclient\4.5.3\httpclient-4.5.3.jar;C:\Users\selva\.m2\repository\org\apache\httpcomponents\httpcore\4.4.16\httpcore-4.4.16.jar;C:\Users\selva\.m2\repository\commons-codec\commons-codec\1.18.0\commons-codec-1.18.0.jar;C:\Users\selva\.m2\repository\commons-configuration\commons-configuration\1.10\commons-configuration-1.10.jar;C:\Users\selva\.m2\repository\commons-lang\commons-lang\2.6\commons-lang-2.6.jar;C:\Users\selva\.m2\repository\com\fasterxml\jackson\core\jackson-annotations\2.19.2\jackson-annotations-2.19.2.jar;C:\Users\selva\.m2\repository\com\fasterxml\jackson\core\jackson-core\2.19.2\jackson-core-2.19.2.jar;C:\Users\selva\.m2\repository\com\netflix\netflix-commons\netflix-eventbus\0.3.0\netflix-eventbus-0.3.0.jar;C:\Users\selva\.m2\repository\com\netflix\netflix-commons\netflix-infix\0.3.0\netflix-infix-0.3.0.jar;C:\Users\selva\.m2\repository\commons-jxpath\commons-jxpath\1.3\commons-jxpath-1.3.jar;C:\Users\selva\.m2\repository\joda-time\joda-time\2.3\joda-time-2.3.jar;C:\Users\selva\.m2\repository\org\antlr\antlr-runtime\3.4\antlr-runtime-3.4.jar;C:\Users\selva\.m2\repository\org\antlr\stringtemplate\3.2.1\stringtemplate-3.2.1.jar;C:\Users\selva\.m2\repository\antlr\antlr\2.7.7\antlr-2.7.7.jar;C:\Users\selva\.m2\repository\com\google\guava\guava\14.0.1\guava-14.0.1.jar;C:\Users\selva\.m2\repository\com\google\code\gson\gson\2.13.2\gson-2.13.2.jar;C:\Users\selva\.m2\repository\com\google\errorprone\error_prone_annotations\2.41.0\error_prone_annotations-2.41.0.jar;C:\Users\selva\.m2\repository\com\netflix\servo\servo-core\0.5.3\servo-core-0.5.3.jar;C:\Users\selva\.m2\repository\org\apache\commons\commons-math\2.2\commons-math-2.2.jar;C:\Users\selva\.m2\repository\javax\annotation\javax.annotation-api\1.2\javax.annotation-api-1.2.jar;C:\Users\selva\.m2\repository\org\codehaus\jettison\jettison\1.5.4\jettison-1.5.4.jar;C:\Users\selva\.m2\repository\org\springframework\cloud\spring-cloud-starter-loadbalancer\4.3.0\spring-cloud-starter-loadbalancer-4.3.0.jar;C:\Users\selva\.m2\repository\org\springframework\cloud\spring-cloud-loadbalancer\4.3.0\spring-cloud-loadbalancer-4.3.0.jar;C:\Users\selva\.m2\repository\io\projectreactor\addons\reactor-extra\3.5.3\reactor-extra-3.5.3.jar;C:\Users\selva\.m2\repository\org\springframework\boot\spring-boot-starter-cache\3.5.6\spring-boot-starter-cache-3.5.6.jar;C:\Users\selva\.m2\repository\org\springframework\spring-context-support\6.2.11\spring-context-support-6.2.11.jar;C:\Users\selva\.m2\repository\com\stoyanr\evictor\1.0.0\evictor-1.0.0.jar;C:\Users\selva\.m2\repository\com\mysql\mysql-connector-j\9.4.0\mysql-connector-j-9.4.0.jar;C:\Users\selva\.m2\repository\org\projectlombok\lombok\1.18.40\lombok-1.18.40.jar;C:\Users\selva\.m2\repository\jakarta\xml\bind\jakarta.xml.bind-api\4.0.2\jakarta.xml.bind-api-4.0.2.jar;C:\Users\selva\.m2\repository\jakarta\activation\jakarta.activation-api\2.1.4\jakarta.activation-api-2.1.4.jar;C:\Users\selva\.m2\repository\org\springframework\spring-core\6.2.11\spring-core-6.2.11.jar;C:\Users\selva\.m2\repository\org\springframework\spring-jcl\6.2.11\spring-jcl-6.2.11.jar;C:\Users\selva\.m2\repository\io\projectreactor\reactor-core\3.7.11\reactor-core-3.7.11.jar;C:\Users\selva\.m2\repository\org\reactivestreams\reactive-streams\1.0.4\reactive-streams-1.0.4.jar
Launcher Type: SUN_STANDARD

[Global flags]
     intx CICompilerCount                          = 4                                         {product} {ergonomic}
     uint ConcGCThreads                            = 2                                         {product} {ergonomic}
     uint G1ConcRefinementThreads                  = 8                                         {product} {ergonomic}
   size_t G1HeapRegionSize                         = 2097152                                   {product} {ergonomic}
   size_t InitialHeapSize                          = 197132288                                 {product} {ergonomic}
   size_t MarkStackSize                            = 4194304                                   {product} {ergonomic}
   size_t MarkStackSizeMax                         = 536870912                                 {product} {ergonomic}
   size_t MaxHeapSize                              = 3152019456                                {product} {ergonomic}
   size_t MaxNewSize                               = 1889533952                                {product} {ergonomic}
   size_t MinHeapDeltaBytes                        = 2097152                                   {product} {ergonomic}
   size_t MinHeapSize                              = 8388608                                   {product} {ergonomic}
    uintx NonNMethodCodeHeapSize                   = 5832704                                {pd product} {ergonomic}
    uintx NonProfiledCodeHeapSize                  = 122945536                              {pd product} {ergonomic}
    uintx ProfiledCodeHeapSize                     = 122880000                              {pd product} {ergonomic}
    uintx ReservedCodeCacheSize                    = 251658240                              {pd product} {ergonomic}
     bool SegmentedCodeCache                       = true                                      {product} {ergonomic}
   size_t SoftMaxHeapSize                          = 3152019456                             {manageable} {ergonomic}
     bool UseCompressedOops                        = true                           {product lp64_product} {ergonomic}
     bool UseG1GC                                  = true                                      {product} {ergonomic}
     bool UseLargePagesIndividualAllocation        = false                                  {pd product} {ergonomic}

Logging:
Log output configuration:
 #0: stdout all=warning uptime,level,tags foldmultilines=false
 #1: stderr all=off uptime,level,tags foldmultilines=false

Environment Variables:
JAVA_HOME=C:\Program Files\Zulu\zulu-21\
PATH=C:\Program Files\Zulu\zulu-21\bin\;C:\app\selva\product\21c\dbhomeXE\bin;C:\WINDOWS\system32;C:\WINDOWS;C:\WINDOWS\System32\Wbem;C:\WINDOWS\System32\WindowsPowerShell\v1.0\;C:\WINDOWS\System32\OpenSSH\;C:\Program Files\dotnet\;C:\ProgramData\chocolatey\bin;C:\Users\selva\AppData\Roaming\Microsoft\Windows\Start Menu\Programs\Eclipse\Eclipse IDE for Java Developers - 2023-09.lnk;C:\Program Files (x86)\Microsoft SQL Server\160\Tools\Binn\;C:\Program Files\Microsoft SQL Server\160\Tools\Binn\;C:\Program Files\Microsoft SQL Server\Client SDK\ODBC\170\Tools\Binn\;C:\Program Files\Microsoft SQL Server\160\DTS\Binn\;C:\Program Files\Azure Data Studio\bin;C:\Program Files\Java\jdk-21\bin;C:\Program Files\Git\cmd;C:\Program Files\MySQL\MySQL Server 8.0\bin;C:\Program Files\nodejs\;C:\Program Files\MySQL\MySQL Server 5.7\bin;C:\Program Files\Notepad++;C:\Program Files\maven-mvnd-1.0.3-windows-amd64\bin;C:\\Users\\selva\\AppData\\Local\\Blackbox\\bin;C:\Users\selva\AppData\Local\Programs\Python\Python313\Scripts\;C:\Users\selva\AppData\Local\Programs\Python\Python313\;C:\Users\selva\AppData\Local\Microsoft\WindowsApps;C:\Program Files\Azure Data Studio\bin;C:\Users\selva\AppData\Local\Programs\Microsoft VS Code\bin;C:\Program Files\MySQL\mysql-8.0.40-winx64\bin;C:\Users\selva\AppData\Roaming\npm;C:\Users\selva\AppData\Local\GitHubDesktop\bin;C:\Users\selva\AppData\Local\Programs\mongosh\;C:\Program Files\JetBrains\IntelliJ IDEA Community Edition 2025.1.2\bin;;C:\Users\selva\AppData\Local\Microsoft\WinGet\Packages\Gyan.FFmpeg_Microsoft.Winget.Source_8wekyb3d8bbwe\ffmpeg-7.1.1-full_build\bin;
USERNAME=selva
OS=Windows_NT
PROCESSOR_IDENTIFIER=Intel64 Family 6 Model 140 Stepping 1, GenuineIntel
TMP=C:\Users\selva\AppData\Local\Temp
TEMP=C:\Users\selva\AppData\Local\Temp




Periodic native trim disabled

---------------  S Y S T E M  ---------------

OS:
 Windows 11 , 64 bit Build 26100 (10.0.26100.6725)
OS uptime: 0 days 7:06 hours
Hyper-V role detected

CPU: total 8 (initial active 8) (4 cores per cpu, 2 threads per core) family 6 model 140 stepping 1 microcode 0xbc, cx8, cmov, fxsr, ht, mmx, 3dnowpref, sse, sse2, sse3, ssse3, sse4.1, sse4.2, popcnt, lzcnt, tsc, tscinvbit, avx, avx2, aes, erms, clmul, bmi1, bmi2, adx, avx512f, avx512dq, avx512cd, avx512bw, avx512vl, sha, fma, vzeroupper, avx512_vpopcntdq, avx512_vpclmulqdq, avx512_vaes, avx512_vnni, clflush, clflushopt, clwb, avx512_vbmi2, avx512_vbmi, hv, rdtscp, rdpid, fsrm, gfni, avx512_bitalg, f16c, cet_ibt, cet_ss, avx512_ifma
Processor Information for the first 8 processors :
  Max Mhz: 2419, Current Mhz: 2419, Mhz Limit: 2419

Memory: 4k page, system-wide physical 12022M (899M free)
TotalPageFile size 16118M (AvailPageFile size 5M)
current process WorkingSet (physical memory assigned to process): 269M, peak: 292M
current process commit charge ("private bytes"): 311M, peak: 337M

vm_info: OpenJDK 64-Bit Server VM (24.0.1+9-30) for windows-amd64 JRE (24.0.1+9-30), built on 2025-03-05T07:23:45Z with MS VC++ 17.6 (VS2022)

END.
